#
# There is insufficient memory for the Java Runtime Environment to continue.
# Native memory allocation (malloc) failed to allocate 62680 bytes for Chunk::new
# Possible reasons:
#   The system is out of physical RAM or swap space
#   The process is running with CompressedOops enabled, and the Java Heap may be blocking the growth of the native heap
# Possible solutions:
#   Reduce memory load on the system
#   Increase physical memory or swap space
#   Check if swap backing store is full
#   Decrease Java heap size (-Xmx/-Xms)
#   Decrease number of Java threads
#   Decrease Java thread stack sizes (-Xss)
#   Set larger code cache with -XX:ReservedCodeCacheSize=
#   JVM is running with Zero Based Compressed Oops mode in which the Java heap is
#     placed in the first 32GB address space. The Java Heap base address is the
#     maximum limit for the native heap growth. Please use -XX:HeapBaseMinAddress
#     to set the Java Heap base and to place the Java Heap above 32GB virtual address.
# This output file may be truncated or incomplete.
#
#  Out of Memory Error (arena.cpp:168), pid=63984, tid=61932
#
# JRE version: Java(TM) SE Runtime Environment (21.0.2+13) (build 21.0.2+13-LTS-58)
# Java VM: Java HotSpot(TM) 64-Bit Server VM (21.0.2+13-LTS-58, mixed mode, sharing, tiered, compressed oops, compressed class ptrs, g1 gc, windows-amd64)
# No core dump will be written. Minidumps are not enabled by default on client versions of Windows
#

---------------  S U M M A R Y ------------

Command Line: -Djavax.net.ssl.trustStoreType=WINDOWS-ROOT com.st.microxplorer.maingui.STM32CubeMX E:\X15\stm32\my_example\standard_tpye_c\standard_tpye_c.ioc

Host: 12th Gen Intel(R) Core(TM) i5-12500H, 16 cores, 15G,  Windows 11 , 64 bit Build 22621 (10.0.22621.4391)
Time: Sat Jan 11 18:45:57 2025  Windows 11 , 64 bit Build 22621 (10.0.22621.4391) elapsed time: 39.016858 seconds (0d 0h 0m 39s)

---------------  T H R E A D  ---------------

Current thread (0x000001b3a8a99c10):  JavaThread "C2 CompilerThread4" daemon [_thread_in_native, id=61932, stack(0x000000071ec00000,0x000000071ed00000) (1024K)]


Current CompileTask:
C2:  39016 16860       4       com.st.microxplorer.mcufinder.gui.mcuselector.McuResultTable::addItem (5060 bytes)

Stack: [0x000000071ec00000,0x000000071ed00000]
Native frames: (J=compiled Java code, j=interpreted, Vv=VM code, C=native code)
V  [jvm.dll+0x6cade9]
V  [jvm.dll+0x8569c1]
V  [jvm.dll+0x858d2e]
V  [jvm.dll+0x859413]
V  [jvm.dll+0x280e56]
V  [jvm.dll+0xc3f3d]
V  [jvm.dll+0xc4473]
V  [jvm.dll+0x714168]
V  [jvm.dll+0x1e2111]
V  [jvm.dll+0x249d22]
V  [jvm.dll+0x2491b1]
V  [jvm.dll+0x1c9634]
V  [jvm.dll+0x258859]
V  [jvm.dll+0x256e3a]
V  [jvm.dll+0x3ef6c6]
V  [jvm.dll+0x7ff568]
V  [jvm.dll+0x6c953d]
C  [ucrtbase.dll+0x29333]
C  [KERNEL32.DLL+0x1259d]
C  [ntdll.dll+0x5af38]


---------------  P R O C E S S  ---------------

Threads class SMR info:
_java_thread_list=0x000001b3aa0f9a10, length=28, elements={
0x000001b3a00150d0, 0x000001b3a0015b30, 0x000001b3a0016da0, 0x000001b3a0017800,
0x000001b3a00204d0, 0x000001b3a00243f0, 0x000001b3a002f580, 0x000001b3a0033520,
0x000001b3a00264c0, 0x000001b3a00257a0, 0x000001b3a00271e0, 0x000001b3a0026b50,
0x000001b3a0027870, 0x000001b3a17a27b0, 0x000001b3a179f330, 0x000001b3a17a1a90,
0x000001b3a94d82d0, 0x000001b3a94d75b0, 0x000001b3a94d7c40, 0x000001b3a94d6f20,
0x000001b3a8a9a9b0, 0x000001b3a8a9b750, 0x000001b3a8a9c4f0, 0x000001b3a8a9b080,
0x000001b3a8a9cbc0, 0x000001b3a8a99c10, 0x000001b3ab937c10, 0x000001b3aeb8ac70
}

Java Threads: ( => current thread )
  0x000001b3a00150d0 JavaThread "Reference Handler"          daemon [_thread_blocked, id=65348, stack(0x000000071cf00000,0x000000071d000000) (1024K)]
  0x000001b3a0015b30 JavaThread "Finalizer"                  daemon [_thread_blocked, id=57992, stack(0x000000071d000000,0x000000071d100000) (1024K)]
  0x000001b3a0016da0 JavaThread "Signal Dispatcher"          daemon [_thread_blocked, id=27044, stack(0x000000071d100000,0x000000071d200000) (1024K)]
  0x000001b3a0017800 JavaThread "Attach Listener"            daemon [_thread_blocked, id=65356, stack(0x000000071d200000,0x000000071d300000) (1024K)]
  0x000001b3a00204d0 JavaThread "Service Thread"             daemon [_thread_blocked, id=44484, stack(0x000000071d300000,0x000000071d400000) (1024K)]
  0x000001b3a00243f0 JavaThread "Monitor Deflation Thread"   daemon [_thread_blocked, id=10644, stack(0x000000071d400000,0x000000071d500000) (1024K)]
  0x000001b3a002f580 JavaThread "C2 CompilerThread0"         daemon [_thread_in_native, id=61884, stack(0x000000071d500000,0x000000071d600000) (1024K)]
  0x000001b3a0033520 JavaThread "C1 CompilerThread0"         daemon [_thread_blocked, id=62480, stack(0x000000071d600000,0x000000071d700000) (1024K)]
  0x000001b3a00264c0 JavaThread "Notification Thread"        daemon [_thread_blocked, id=29840, stack(0x000000071d900000,0x000000071da00000) (1024K)]
  0x000001b3a00257a0 JavaThread "Common-Cleaner"             daemon [_thread_blocked, id=61060, stack(0x000000071da00000,0x000000071db00000) (1024K)]
  0x000001b3a00271e0 JavaThread "Java2D Disposer"            daemon [_thread_blocked, id=60960, stack(0x000000071db00000,0x000000071dc00000) (1024K)]
  0x000001b3a0026b50 JavaThread "AWT-Shutdown"                      [_thread_blocked, id=64312, stack(0x000000071de00000,0x000000071df00000) (1024K)]
  0x000001b3a0027870 JavaThread "AWT-Windows"                daemon [_thread_in_native, id=57856, stack(0x000000071e700000,0x000000071e800000) (1024K)]
  0x000001b3a17a27b0 JavaThread "AWT-EventQueue-0"                  [_thread_blocked, id=39104, stack(0x000000071dc00000,0x000000071dd00000) (1024K)]
  0x000001b3a179f330 JavaThread "D3D Screen Updater"         daemon [_thread_blocked, id=37724, stack(0x000000071ea00000,0x000000071eb00000) (1024K)]
  0x000001b3a17a1a90 JavaThread "DestroyJavaVM"                     [_thread_blocked, id=63176, stack(0x000000071c700000,0x000000071c800000) (1024K)]
  0x000001b3a94d82d0 JavaThread "TimerQueue"                 daemon [_thread_blocked, id=46256, stack(0x000000071f900000,0x000000071fa00000) (1024K)]
  0x000001b3a94d75b0 JavaThread "SwingWorker-pool-2-thread-1" daemon [_thread_blocked, id=6636, stack(0x000000071f800000,0x000000071f900000) (1024K)]
  0x000001b3a94d7c40 JavaThread "SwingWorker-pool-2-thread-2" daemon [_thread_blocked, id=27572, stack(0x000000071fb00000,0x000000071fc00000) (1024K)]
  0x000001b3a94d6f20 JavaThread "Keep-Alive-Timer"           daemon [_thread_blocked, id=10340, stack(0x000000071f700000,0x000000071f800000) (1024K)]
  0x000001b3a8a9a9b0 JavaThread "C1 CompilerThread1"         daemon [_thread_blocked, id=65332, stack(0x000000071dd00000,0x000000071de00000) (1024K)]
  0x000001b3a8a9b750 JavaThread "C1 CompilerThread2"         daemon [_thread_blocked, id=64732, stack(0x000000071e800000,0x000000071e900000) (1024K)]
  0x000001b3a8a9c4f0 JavaThread "C2 CompilerThread1"         daemon [_thread_blocked, id=64320, stack(0x000000071d700000,0x000000071d800000) (1024K)]
  0x000001b3a8a9b080 JavaThread "C2 CompilerThread2"         daemon [_thread_blocked, id=25160, stack(0x000000071d800000,0x000000071d900000) (1024K)]
  0x000001b3a8a9cbc0 JavaThread "C2 CompilerThread3"         daemon [_thread_blocked, id=17932, stack(0x000000071eb00000,0x000000071ec00000) (1024K)]
=>0x000001b3a8a99c10 JavaThread "C2 CompilerThread4"         daemon [_thread_in_native, id=61932, stack(0x000000071ec00000,0x000000071ed00000) (1024K)]
  0x000001b3ab937c10 JavaThread "C1 CompilerThread3"         daemon [_thread_blocked, id=56688, stack(0x000000071eeb0000,0x000000071efb0000) (1024K)]
  0x000001b3aeb8ac70 JavaThread "Image Fetcher 0"            daemon [_thread_blocked, id=42376, stack(0x000000071ed00000,0x000000071ee00000) (1024K)]
Total: 28

Other Threads:
  0x000001b338d1f490 VMThread "VM Thread"                           [id=42332, stack(0x000000071ce00000,0x000000071cf00000) (1024K)]
  0x000001b35a7dd930 WatcherThread "VM Periodic Task Thread"        [id=64176, stack(0x000000071cd00000,0x000000071ce00000) (1024K)]
  0x000001b338d1f0f0 WorkerThread "GC Thread#0"                     [id=13640, stack(0x000000071c800000,0x000000071c900000) (1024K)]
  0x000001b338d1fbd0 WorkerThread "GC Thread#1"                     [id=41172, stack(0x000000071df00000,0x000000071e000000) (1024K)]
  0x000001b3a0f63860 WorkerThread "GC Thread#2"                     [id=13612, stack(0x000000071e000000,0x000000071e100000) (1024K)]
  0x000001b3a0f622a0 WorkerThread "GC Thread#3"                     [id=61624, stack(0x000000071e100000,0x000000071e200000) (1024K)]
  0x000001b3a0f61080 WorkerThread "GC Thread#4"                     [id=15684, stack(0x000000071e200000,0x000000071e300000) (1024K)]
  0x000001b3a0f61f00 WorkerThread "GC Thread#5"                     [id=63596, stack(0x000000071e300000,0x000000071e400000) (1024K)]
  0x000001b3a0f63c00 WorkerThread "GC Thread#6"                     [id=64944, stack(0x000000071e400000,0x000000071e500000) (1024K)]
  0x000001b3a0f61420 WorkerThread "GC Thread#7"                     [id=27988, stack(0x000000071e500000,0x000000071e600000) (1024K)]
  0x000001b3a0f61b60 WorkerThread "GC Thread#8"                     [id=65532, stack(0x000000071e600000,0x000000071e700000) (1024K)]
  0x000001b3a0f62640 WorkerThread "GC Thread#9"                     [id=35548, stack(0x000000071f000000,0x000000071f100000) (1024K)]
  0x000001b3a0f629e0 WorkerThread "GC Thread#10"                    [id=43200, stack(0x000000071f100000,0x000000071f200000) (1024K)]
  0x000001b3a0f62d80 WorkerThread "GC Thread#11"                    [id=63988, stack(0x000000071f200000,0x000000071f300000) (1024K)]
  0x000001b3a0f63120 WorkerThread "GC Thread#12"                    [id=46140, stack(0x000000071f300000,0x000000071f400000) (1024K)]
  0x000001b33a90a070 ConcurrentGCThread "G1 Main Marker"            [id=30348, stack(0x000000071c900000,0x000000071ca00000) (1024K)]
  0x000001b338d1f830 WorkerThread "G1 Conc#0"                       [id=7588, stack(0x000000071ca00000,0x000000071cb00000) (1024K)]
  0x000001b3a0f634c0 WorkerThread "G1 Conc#1"                       [id=38660, stack(0x000000071f400000,0x000000071f500000) (1024K)]
  0x000001b3a0f60ce0 WorkerThread "G1 Conc#2"                       [id=65036, stack(0x000000071f500000,0x000000071f600000) (1024K)]
  0x000001b35a6ad670 ConcurrentGCThread "G1 Refine#0"               [id=5836, stack(0x000000071cb00000,0x000000071cc00000) (1024K)]
  0x000001b35a6ade90 ConcurrentGCThread "G1 Service"                [id=60208, stack(0x000000071cc00000,0x000000071cd00000) (1024K)]
Total: 21

Threads with active compile tasks:
C2 CompilerThread0    39057 16603       4       com.st.microxplorer.mcufinder.db.DbMcus::getSlidersThumbValues (3565 bytes)
C2 CompilerThread4    39057 16860       4       com.st.microxplorer.mcufinder.gui.mcuselector.McuResultTable::addItem (5060 bytes)
Total: 2

VM state: not at safepoint (normal execution)

VM Mutex/Monitor currently owned by a thread: None

Heap address: 0x00000004d8400000, size: 4024 MB, Compressed Oops mode: Zero based, Oop shift amount: 3

CDS archive(s) mapped at: [0x000001b35b000000-0x000001b35bc90000-0x000001b35bc90000), size 13172736, SharedBaseAddress: 0x000001b35b000000, ArchiveRelocationMode: 1.
Compressed class space mapped at: 0x000001b35c000000-0x000001b39c000000, reserved size: 1073741824
Narrow klass base: 0x000001b35b000000, Narrow klass shift: 0, Narrow klass range: 0x100000000

GC Precious Log:
 CardTable entry size: 512
 Card Set container configuration: InlinePtr #cards 4 size 8 Array Of Cards #cards 16 size 48 Howl #buckets 8 coarsen threshold 3686 Howl Bitmap #cards 512 size 80 coarsen threshold 460 Card regions per heap region 1 cards per card region 4096
 CPUs: 16 total, 16 available
 Memory: 16088M
 Large Page Support: Disabled
 NUMA Support: Disabled
 Compressed Oops: Enabled (Zero based)
 Heap Region Size: 2M
 Heap Min Capacity: 8M
 Heap Initial Capacity: 252M
 Heap Max Capacity: 4024M
 Pre-touch: Disabled
 Parallel Workers: 13
 Concurrent Workers: 3
 Concurrent Refinement Workers: 13
 Periodic GC: Disabled

Heap:
 garbage-first heap   total 481280K, used 372111K [0x00000004d8400000, 0x00000005d3c00000)
  region size 2048K, 59 young (120832K), 10 survivors (20480K)
 Metaspace       used 81868K, committed 83072K, reserved 1179648K
  class space    used 9613K, committed 10176K, reserved 1048576K

Heap Regions: E=young(eden), S=young(survivor), O=old, HS=humongous(starts), HC=humongous(continues), CS=collection set, F=free, TAMS=top-at-mark-start, PB=parsable bottom
|   0|0x00000004d8400000, 0x00000004d8600000, 0x00000004d8600000|100%|HS|  |TAMS 0x00000004d8400000| PB 0x00000004d8400000| Complete 
|   1|0x00000004d8600000, 0x00000004d8800000, 0x00000004d8800000|100%|HC|  |TAMS 0x00000004d8600000| PB 0x00000004d8600000| Complete 
|   2|0x00000004d8800000, 0x00000004d8a00000, 0x00000004d8a00000|100%|HC|  |TAMS 0x00000004d8800000| PB 0x00000004d8800000| Complete 
|   3|0x00000004d8a00000, 0x00000004d8c00000, 0x00000004d8c00000|100%| O|  |TAMS 0x00000004d8a00000| PB 0x00000004d8a00000| Untracked 
|   4|0x00000004d8c00000, 0x00000004d8e00000, 0x00000004d8e00000|100%| O|  |TAMS 0x00000004d8c00000| PB 0x00000004d8c00000| Untracked 
|   5|0x00000004d8e00000, 0x00000004d9000000, 0x00000004d9000000|100%|HS|  |TAMS 0x00000004d8e00000| PB 0x00000004d8e00000| Complete 
|   6|0x00000004d9000000, 0x00000004d9200000, 0x00000004d9200000|100%|HC|  |TAMS 0x00000004d9000000| PB 0x00000004d9000000| Complete 
|   7|0x00000004d9200000, 0x00000004d9400000, 0x00000004d9400000|100%|HC|  |TAMS 0x00000004d9200000| PB 0x00000004d9200000| Complete 
|   8|0x00000004d9400000, 0x00000004d9600000, 0x00000004d9600000|100%| O|  |TAMS 0x00000004d9400000| PB 0x00000004d9400000| Untracked 
|   9|0x00000004d9600000, 0x00000004d9800000, 0x00000004d9800000|100%| O|  |TAMS 0x00000004d9600000| PB 0x00000004d9600000| Untracked 
|  10|0x00000004d9800000, 0x00000004d9a00000, 0x00000004d9a00000|100%| O|  |TAMS 0x00000004d9800000| PB 0x00000004d9800000| Untracked 
|  11|0x00000004d9a00000, 0x00000004d9c00000, 0x00000004d9c00000|100%| O|  |TAMS 0x00000004d9a00000| PB 0x00000004d9a00000| Untracked 
|  12|0x00000004d9c00000, 0x00000004d9e00000, 0x00000004d9e00000|100%| O|  |TAMS 0x00000004d9c00000| PB 0x00000004d9c00000| Untracked 
|  13|0x00000004d9e00000, 0x00000004da000000, 0x00000004da000000|100%| O|  |TAMS 0x00000004d9e00000| PB 0x00000004d9e00000| Untracked 
|  14|0x00000004da000000, 0x00000004da200000, 0x00000004da200000|100%| O|  |TAMS 0x00000004da000000| PB 0x00000004da000000| Untracked 
|  15|0x00000004da200000, 0x00000004da400000, 0x00000004da400000|100%| O|  |TAMS 0x00000004da200000| PB 0x00000004da200000| Untracked 
|  16|0x00000004da400000, 0x00000004da600000, 0x00000004da600000|100%|HS|  |TAMS 0x00000004da400000| PB 0x00000004da400000| Complete 
|  17|0x00000004da600000, 0x00000004da800000, 0x00000004da800000|100%| O|  |TAMS 0x00000004da600000| PB 0x00000004da600000| Untracked 
|  18|0x00000004da800000, 0x00000004daa00000, 0x00000004daa00000|100%| O|  |TAMS 0x00000004da800000| PB 0x00000004da800000| Untracked 
|  19|0x00000004daa00000, 0x00000004dac00000, 0x00000004dac00000|100%| O|  |TAMS 0x00000004daa00000| PB 0x00000004daa00000| Untracked 
|  20|0x00000004dac00000, 0x00000004dae00000, 0x00000004dae00000|100%| O|  |TAMS 0x00000004dac00000| PB 0x00000004dac00000| Untracked 
|  21|0x00000004dae00000, 0x00000004db000000, 0x00000004db000000|100%| O|  |TAMS 0x00000004dae00000| PB 0x00000004dae00000| Untracked 
|  22|0x00000004db000000, 0x00000004db200000, 0x00000004db200000|100%| O|  |TAMS 0x00000004db000000| PB 0x00000004db000000| Untracked 
|  23|0x00000004db200000, 0x00000004db400000, 0x00000004db400000|100%|HS|  |TAMS 0x00000004db200000| PB 0x00000004db200000| Complete 
|  24|0x00000004db400000, 0x00000004db600000, 0x00000004db600000|100%|HC|  |TAMS 0x00000004db400000| PB 0x00000004db400000| Complete 
|  25|0x00000004db600000, 0x00000004db800000, 0x00000004db800000|100%|HS|  |TAMS 0x00000004db600000| PB 0x00000004db600000| Complete 
|  26|0x00000004db800000, 0x00000004dba00000, 0x00000004dba00000|100%|HC|  |TAMS 0x00000004db800000| PB 0x00000004db800000| Complete 
|  27|0x00000004dba00000, 0x00000004dbc00000, 0x00000004dbc00000|100%| O|  |TAMS 0x00000004dba00000| PB 0x00000004dba00000| Untracked 
|  28|0x00000004dbc00000, 0x00000004dbe00000, 0x00000004dbe00000|100%|HS|  |TAMS 0x00000004dbc00000| PB 0x00000004dbc00000| Complete 
|  29|0x00000004dbe00000, 0x00000004dc000000, 0x00000004dc000000|100%|HC|  |TAMS 0x00000004dbe00000| PB 0x00000004dbe00000| Complete 
|  30|0x00000004dc000000, 0x00000004dc200000, 0x00000004dc200000|100%|HS|  |TAMS 0x00000004dc000000| PB 0x00000004dc000000| Complete 
|  31|0x00000004dc200000, 0x00000004dc400000, 0x00000004dc400000|100%|HC|  |TAMS 0x00000004dc200000| PB 0x00000004dc200000| Complete 
|  32|0x00000004dc400000, 0x00000004dc600000, 0x00000004dc600000|100%|HS|  |TAMS 0x00000004dc400000| PB 0x00000004dc400000| Complete 
|  33|0x00000004dc600000, 0x00000004dc800000, 0x00000004dc800000|100%|HC|  |TAMS 0x00000004dc600000| PB 0x00000004dc600000| Complete 
|  34|0x00000004dc800000, 0x00000004dca00000, 0x00000004dca00000|100%|HS|  |TAMS 0x00000004dc800000| PB 0x00000004dc800000| Complete 
|  35|0x00000004dca00000, 0x00000004dcc00000, 0x00000004dcc00000|100%|HC|  |TAMS 0x00000004dca00000| PB 0x00000004dca00000| Complete 
|  36|0x00000004dcc00000, 0x00000004dce00000, 0x00000004dce00000|100%|HS|  |TAMS 0x00000004dcc00000| PB 0x00000004dcc00000| Complete 
|  37|0x00000004dce00000, 0x00000004dd000000, 0x00000004dd000000|100%|HC|  |TAMS 0x00000004dce00000| PB 0x00000004dce00000| Complete 
|  38|0x00000004dd000000, 0x00000004dd200000, 0x00000004dd200000|100%| O|  |TAMS 0x00000004dd000000| PB 0x00000004dd000000| Untracked 
|  39|0x00000004dd200000, 0x00000004dd400000, 0x00000004dd400000|100%|HS|  |TAMS 0x00000004dd200000| PB 0x00000004dd200000| Complete 
|  40|0x00000004dd400000, 0x00000004dd600000, 0x00000004dd600000|100%|HC|  |TAMS 0x00000004dd400000| PB 0x00000004dd400000| Complete 
|  41|0x00000004dd600000, 0x00000004dd800000, 0x00000004dd800000|100%|HS|  |TAMS 0x00000004dd600000| PB 0x00000004dd600000| Complete 
|  42|0x00000004dd800000, 0x00000004dda00000, 0x00000004dda00000|100%|HC|  |TAMS 0x00000004dd800000| PB 0x00000004dd800000| Complete 
|  43|0x00000004dda00000, 0x00000004ddc00000, 0x00000004ddc00000|100%| O|  |TAMS 0x00000004dda00000| PB 0x00000004dda00000| Untracked 
|  44|0x00000004ddc00000, 0x00000004dde00000, 0x00000004dde00000|100%| O|  |TAMS 0x00000004ddc00000| PB 0x00000004ddc00000| Untracked 
|  45|0x00000004dde00000, 0x00000004de000000, 0x00000004de000000|100%| O|  |TAMS 0x00000004dde00000| PB 0x00000004dde00000| Untracked 
|  46|0x00000004de000000, 0x00000004de200000, 0x00000004de200000|100%|HS|  |TAMS 0x00000004de000000| PB 0x00000004de000000| Complete 
|  47|0x00000004de200000, 0x00000004de400000, 0x00000004de400000|100%|HC|  |TAMS 0x00000004de200000| PB 0x00000004de200000| Complete 
|  48|0x00000004de400000, 0x00000004de600000, 0x00000004de600000|100%|HS|  |TAMS 0x00000004de400000| PB 0x00000004de400000| Complete 
|  49|0x00000004de600000, 0x00000004de800000, 0x00000004de800000|100%| O|  |TAMS 0x00000004de600000| PB 0x00000004de600000| Untracked 
|  50|0x00000004de800000, 0x00000004dea00000, 0x00000004dea00000|100%| O|  |TAMS 0x00000004de800000| PB 0x00000004de800000| Untracked 
|  51|0x00000004dea00000, 0x00000004dec00000, 0x00000004dec00000|100%| O|  |TAMS 0x00000004dea00000| PB 0x00000004dea00000| Untracked 
|  52|0x00000004dec00000, 0x00000004dee00000, 0x00000004dee00000|100%| O|  |TAMS 0x00000004dec00000| PB 0x00000004dec00000| Untracked 
|  53|0x00000004dee00000, 0x00000004df000000, 0x00000004df000000|100%| O|  |TAMS 0x00000004dee00000| PB 0x00000004dee00000| Untracked 
|  54|0x00000004df000000, 0x00000004df200000, 0x00000004df200000|100%| O|  |TAMS 0x00000004df000000| PB 0x00000004df000000| Untracked 
|  55|0x00000004df200000, 0x00000004df400000, 0x00000004df400000|100%| O|  |TAMS 0x00000004df200000| PB 0x00000004df200000| Untracked 
|  56|0x00000004df400000, 0x00000004df600000, 0x00000004df600000|100%| O|  |TAMS 0x00000004df400000| PB 0x00000004df400000| Untracked 
|  57|0x00000004df600000, 0x00000004df800000, 0x00000004df800000|100%| O|  |TAMS 0x00000004df600000| PB 0x00000004df600000| Untracked 
|  58|0x00000004df800000, 0x00000004dfa00000, 0x00000004dfa00000|100%|HS|  |TAMS 0x00000004df800000| PB 0x00000004df800000| Complete 
|  59|0x00000004dfa00000, 0x00000004dfc00000, 0x00000004dfc00000|100%|HC|  |TAMS 0x00000004dfa00000| PB 0x00000004dfa00000| Complete 
|  60|0x00000004dfc00000, 0x00000004dfe00000, 0x00000004dfe00000|100%|HC|  |TAMS 0x00000004dfc00000| PB 0x00000004dfc00000| Complete 
|  61|0x00000004dfe00000, 0x00000004e0000000, 0x00000004e0000000|100%|HC|  |TAMS 0x00000004dfe00000| PB 0x00000004dfe00000| Complete 
|  62|0x00000004e0000000, 0x00000004e0200000, 0x00000004e0200000|100%| O|  |TAMS 0x00000004e0000000| PB 0x00000004e0000000| Untracked 
|  63|0x00000004e0200000, 0x00000004e0400000, 0x00000004e0400000|100%| O|  |TAMS 0x00000004e0200000| PB 0x00000004e0200000| Untracked 
|  64|0x00000004e0400000, 0x00000004e0600000, 0x00000004e0600000|100%| O|  |TAMS 0x00000004e0400000| PB 0x00000004e0400000| Untracked 
|  65|0x00000004e0600000, 0x00000004e0800000, 0x00000004e0800000|100%| O|  |TAMS 0x00000004e0600000| PB 0x00000004e0600000| Untracked 
|  66|0x00000004e0800000, 0x00000004e0a00000, 0x00000004e0a00000|100%| O|  |TAMS 0x00000004e0800000| PB 0x00000004e0800000| Untracked 
|  67|0x00000004e0a00000, 0x00000004e0c00000, 0x00000004e0c00000|100%| O|  |TAMS 0x00000004e0a00000| PB 0x00000004e0a00000| Untracked 
|  68|0x00000004e0c00000, 0x00000004e0e00000, 0x00000004e0e00000|100%| O|  |TAMS 0x00000004e0c00000| PB 0x00000004e0c00000| Untracked 
|  69|0x00000004e0e00000, 0x00000004e1000000, 0x00000004e1000000|100%| O|  |TAMS 0x00000004e0e00000| PB 0x00000004e0e00000| Untracked 
|  70|0x00000004e1000000, 0x00000004e1200000, 0x00000004e1200000|100%| O|  |TAMS 0x00000004e1000000| PB 0x00000004e1000000| Untracked 
|  71|0x00000004e1200000, 0x00000004e1400000, 0x00000004e1400000|100%| O|  |TAMS 0x00000004e1200000| PB 0x00000004e1200000| Untracked 
|  72|0x00000004e1400000, 0x00000004e1600000, 0x00000004e1600000|100%| O|  |TAMS 0x00000004e1400000| PB 0x00000004e1400000| Untracked 
|  73|0x00000004e1600000, 0x00000004e1800000, 0x00000004e1800000|100%| O|  |TAMS 0x00000004e1600000| PB 0x00000004e1600000| Untracked 
|  74|0x00000004e1800000, 0x00000004e1a00000, 0x00000004e1a00000|100%| O|  |TAMS 0x00000004e1800000| PB 0x00000004e1800000| Untracked 
|  75|0x00000004e1a00000, 0x00000004e1c00000, 0x00000004e1c00000|100%| O|  |TAMS 0x00000004e1a00000| PB 0x00000004e1a00000| Untracked 
|  76|0x00000004e1c00000, 0x00000004e1e00000, 0x00000004e1e00000|100%| O|  |TAMS 0x00000004e1c00000| PB 0x00000004e1c00000| Untracked 
|  77|0x00000004e1e00000, 0x00000004e1e00000, 0x00000004e2000000|  0%| F|  |TAMS 0x00000004e1e00000| PB 0x00000004e1e00000| Untracked 
|  78|0x00000004e2000000, 0x00000004e2000000, 0x00000004e2200000|  0%| F|  |TAMS 0x00000004e2000000| PB 0x00000004e2000000| Untracked 
|  79|0x00000004e2200000, 0x00000004e2400000, 0x00000004e2400000|100%| O|  |TAMS 0x00000004e2200000| PB 0x00000004e2200000| Untracked 
|  80|0x00000004e2400000, 0x00000004e2600000, 0x00000004e2600000|100%| O|  |TAMS 0x00000004e2400000| PB 0x00000004e2400000| Untracked 
|  81|0x00000004e2600000, 0x00000004e2800000, 0x00000004e2800000|100%| O|  |TAMS 0x00000004e2600000| PB 0x00000004e2600000| Untracked 
|  82|0x00000004e2800000, 0x00000004e2a00000, 0x00000004e2a00000|100%| O|  |TAMS 0x00000004e2800000| PB 0x00000004e2800000| Untracked 
|  83|0x00000004e2a00000, 0x00000004e2c00000, 0x00000004e2c00000|100%| O|  |TAMS 0x00000004e2a00000| PB 0x00000004e2a00000| Untracked 
|  84|0x00000004e2c00000, 0x00000004e2e00000, 0x00000004e2e00000|100%| O|  |TAMS 0x00000004e2c00000| PB 0x00000004e2c00000| Untracked 
|  85|0x00000004e2e00000, 0x00000004e3000000, 0x00000004e3000000|100%| O|  |TAMS 0x00000004e2e00000| PB 0x00000004e2e00000| Untracked 
|  86|0x00000004e3000000, 0x00000004e3200000, 0x00000004e3200000|100%| O|  |TAMS 0x00000004e3000000| PB 0x00000004e3000000| Untracked 
|  87|0x00000004e3200000, 0x00000004e3400000, 0x00000004e3400000|100%| O|  |TAMS 0x00000004e3200000| PB 0x00000004e3200000| Untracked 
|  88|0x00000004e3400000, 0x00000004e3600000, 0x00000004e3600000|100%| O|  |TAMS 0x00000004e3400000| PB 0x00000004e3400000| Untracked 
|  89|0x00000004e3600000, 0x00000004e3800000, 0x00000004e3800000|100%| O|  |TAMS 0x00000004e3600000| PB 0x00000004e3600000| Untracked 
|  90|0x00000004e3800000, 0x00000004e3a00000, 0x00000004e3a00000|100%| O|  |TAMS 0x00000004e3800000| PB 0x00000004e3800000| Untracked 
|  91|0x00000004e3a00000, 0x00000004e3c00000, 0x00000004e3c00000|100%| O|  |TAMS 0x00000004e3a00000| PB 0x00000004e3a00000| Untracked 
|  92|0x00000004e3c00000, 0x00000004e3e00000, 0x00000004e3e00000|100%| O|  |TAMS 0x00000004e3c00000| PB 0x00000004e3c00000| Untracked 
|  93|0x00000004e3e00000, 0x00000004e4000000, 0x00000004e4000000|100%| O|  |TAMS 0x00000004e3e00000| PB 0x00000004e3e00000| Untracked 
|  94|0x00000004e4000000, 0x00000004e4200000, 0x00000004e4200000|100%| O|  |TAMS 0x00000004e4000000| PB 0x00000004e4000000| Untracked 
|  95|0x00000004e4200000, 0x00000004e4400000, 0x00000004e4400000|100%| O|  |TAMS 0x00000004e4200000| PB 0x00000004e4200000| Untracked 
|  96|0x00000004e4400000, 0x00000004e4600000, 0x00000004e4600000|100%| O|  |TAMS 0x00000004e4400000| PB 0x00000004e4400000| Untracked 
|  97|0x00000004e4600000, 0x00000004e4800000, 0x00000004e4800000|100%| O|  |TAMS 0x00000004e4600000| PB 0x00000004e4600000| Untracked 
|  98|0x00000004e4800000, 0x00000004e4a00000, 0x00000004e4a00000|100%| O|  |TAMS 0x00000004e4800000| PB 0x00000004e4800000| Untracked 
|  99|0x00000004e4a00000, 0x00000004e4c00000, 0x00000004e4c00000|100%| O|  |TAMS 0x00000004e4a00000| PB 0x00000004e4a00000| Untracked 
| 100|0x00000004e4c00000, 0x00000004e4e00000, 0x00000004e4e00000|100%| O|  |TAMS 0x00000004e4c00000| PB 0x00000004e4c00000| Untracked 
| 101|0x00000004e4e00000, 0x00000004e5000000, 0x00000004e5000000|100%| O|  |TAMS 0x00000004e4e00000| PB 0x00000004e4e00000| Untracked 
| 102|0x00000004e5000000, 0x00000004e5200000, 0x00000004e5200000|100%| O|  |TAMS 0x00000004e5000000| PB 0x00000004e5000000| Untracked 
| 103|0x00000004e5200000, 0x00000004e5400000, 0x00000004e5400000|100%| O|  |TAMS 0x00000004e5200000| PB 0x00000004e5200000| Untracked 
| 104|0x00000004e5400000, 0x00000004e5600000, 0x00000004e5600000|100%| O|  |TAMS 0x00000004e5400000| PB 0x00000004e5400000| Untracked 
| 105|0x00000004e5600000, 0x00000004e5800000, 0x00000004e5800000|100%| O|  |TAMS 0x00000004e5600000| PB 0x00000004e5600000| Untracked 
| 106|0x00000004e5800000, 0x00000004e5a00000, 0x00000004e5a00000|100%| O|  |TAMS 0x00000004e5800000| PB 0x00000004e5800000| Untracked 
| 107|0x00000004e5a00000, 0x00000004e5c00000, 0x00000004e5c00000|100%| O|  |TAMS 0x00000004e5a00000| PB 0x00000004e5a00000| Untracked 
| 108|0x00000004e5c00000, 0x00000004e5e00000, 0x00000004e5e00000|100%| O|  |TAMS 0x00000004e5c00000| PB 0x00000004e5c00000| Untracked 
| 109|0x00000004e5e00000, 0x00000004e6000000, 0x00000004e6000000|100%| O|  |TAMS 0x00000004e5e00000| PB 0x00000004e5e00000| Untracked 
| 110|0x00000004e6000000, 0x00000004e6200000, 0x00000004e6200000|100%| O|  |TAMS 0x00000004e6000000| PB 0x00000004e6000000| Untracked 
| 111|0x00000004e6200000, 0x00000004e6400000, 0x00000004e6400000|100%| O|  |TAMS 0x00000004e6200000| PB 0x00000004e6200000| Untracked 
| 112|0x00000004e6400000, 0x00000004e6600000, 0x00000004e6600000|100%| O|  |TAMS 0x00000004e6400000| PB 0x00000004e6400000| Untracked 
| 113|0x00000004e6600000, 0x00000004e6800000, 0x00000004e6800000|100%| O|  |TAMS 0x00000004e6600000| PB 0x00000004e6600000| Untracked 
| 114|0x00000004e6800000, 0x00000004e6a00000, 0x00000004e6a00000|100%| O|  |TAMS 0x00000004e6800000| PB 0x00000004e6800000| Untracked 
| 115|0x00000004e6a00000, 0x00000004e6c00000, 0x00000004e6c00000|100%| O|  |TAMS 0x00000004e6a00000| PB 0x00000004e6a00000| Untracked 
| 116|0x00000004e6c00000, 0x00000004e6e00000, 0x00000004e6e00000|100%| O|  |TAMS 0x00000004e6c00000| PB 0x00000004e6c00000| Untracked 
| 117|0x00000004e6e00000, 0x00000004e7000000, 0x00000004e7000000|100%| O|  |TAMS 0x00000004e6e00000| PB 0x00000004e6e00000| Untracked 
| 118|0x00000004e7000000, 0x00000004e7200000, 0x00000004e7200000|100%| O|  |TAMS 0x00000004e7000000| PB 0x00000004e7000000| Untracked 
| 119|0x00000004e7200000, 0x00000004e7400000, 0x00000004e7400000|100%| O|  |TAMS 0x00000004e7200000| PB 0x00000004e7200000| Untracked 
| 120|0x00000004e7400000, 0x00000004e7600000, 0x00000004e7600000|100%| O|  |TAMS 0x00000004e7400000| PB 0x00000004e7400000| Untracked 
| 121|0x00000004e7600000, 0x00000004e7800000, 0x00000004e7800000|100%| O|  |TAMS 0x00000004e7600000| PB 0x00000004e7600000| Untracked 
| 122|0x00000004e7800000, 0x00000004e7963d70, 0x00000004e7a00000| 69%| O|  |TAMS 0x00000004e7800000| PB 0x00000004e7800000| Untracked 
| 123|0x00000004e7a00000, 0x00000004e7a00000, 0x00000004e7c00000|  0%| F|  |TAMS 0x00000004e7a00000| PB 0x00000004e7a00000| Untracked 
| 124|0x00000004e7c00000, 0x00000004e7c00000, 0x00000004e7e00000|  0%| F|  |TAMS 0x00000004e7c00000| PB 0x00000004e7c00000| Untracked 
| 125|0x00000004e7e00000, 0x00000004e7e00000, 0x00000004e8000000|  0%| F|  |TAMS 0x00000004e7e00000| PB 0x00000004e7e00000| Untracked 
| 126|0x00000004e8000000, 0x00000004e8000000, 0x00000004e8200000|  0%| F|  |TAMS 0x00000004e8000000| PB 0x00000004e8000000| Untracked 
| 127|0x00000004e8200000, 0x00000004e8200000, 0x00000004e8400000|  0%| F|  |TAMS 0x00000004e8200000| PB 0x00000004e8200000| Untracked 
| 128|0x00000004e8400000, 0x00000004e8400000, 0x00000004e8600000|  0%| F|  |TAMS 0x00000004e8400000| PB 0x00000004e8400000| Untracked 
| 129|0x00000004e8600000, 0x00000004e8600000, 0x00000004e8800000|  0%| F|  |TAMS 0x00000004e8600000| PB 0x00000004e8600000| Untracked 
| 130|0x00000004e8800000, 0x00000004e8800000, 0x00000004e8a00000|  0%| F|  |TAMS 0x00000004e8800000| PB 0x00000004e8800000| Untracked 
| 131|0x00000004e8a00000, 0x00000004e8a00000, 0x00000004e8c00000|  0%| F|  |TAMS 0x00000004e8a00000| PB 0x00000004e8a00000| Untracked 
| 132|0x00000004e8c00000, 0x00000004e8c00000, 0x00000004e8e00000|  0%| F|  |TAMS 0x00000004e8c00000| PB 0x00000004e8c00000| Untracked 
| 133|0x00000004e8e00000, 0x00000004e8e00000, 0x00000004e9000000|  0%| F|  |TAMS 0x00000004e8e00000| PB 0x00000004e8e00000| Untracked 
| 134|0x00000004e9000000, 0x00000004e9000000, 0x00000004e9200000|  0%| F|  |TAMS 0x00000004e9000000| PB 0x00000004e9000000| Untracked 
| 135|0x00000004e9200000, 0x00000004e9400000, 0x00000004e9400000|100%| S|CS|TAMS 0x00000004e9200000| PB 0x00000004e9200000| Complete 
| 136|0x00000004e9400000, 0x00000004e9600000, 0x00000004e9600000|100%| S|CS|TAMS 0x00000004e9400000| PB 0x00000004e9400000| Complete 
| 137|0x00000004e9600000, 0x00000004e9800000, 0x00000004e9800000|100%| S|CS|TAMS 0x00000004e9600000| PB 0x00000004e9600000| Complete 
| 138|0x00000004e9800000, 0x00000004e9a00000, 0x00000004e9a00000|100%| S|CS|TAMS 0x00000004e9800000| PB 0x00000004e9800000| Complete 
| 139|0x00000004e9a00000, 0x00000004e9c00000, 0x00000004e9c00000|100%| S|CS|TAMS 0x00000004e9a00000| PB 0x00000004e9a00000| Complete 
| 140|0x00000004e9c00000, 0x00000004e9e00000, 0x00000004e9e00000|100%| S|CS|TAMS 0x00000004e9c00000| PB 0x00000004e9c00000| Complete 
| 141|0x00000004e9e00000, 0x00000004ea000000, 0x00000004ea000000|100%| S|CS|TAMS 0x00000004e9e00000| PB 0x00000004e9e00000| Complete 
| 142|0x00000004ea000000, 0x00000004ea200000, 0x00000004ea200000|100%| S|CS|TAMS 0x00000004ea000000| PB 0x00000004ea000000| Complete 
| 143|0x00000004ea200000, 0x00000004ea400000, 0x00000004ea400000|100%| S|CS|TAMS 0x00000004ea200000| PB 0x00000004ea200000| Complete 
| 144|0x00000004ea400000, 0x00000004ea600000, 0x00000004ea600000|100%| S|CS|TAMS 0x00000004ea400000| PB 0x00000004ea400000| Complete 
| 145|0x00000004ea600000, 0x00000004ea600000, 0x00000004ea800000|  0%| F|  |TAMS 0x00000004ea600000| PB 0x00000004ea600000| Untracked 
| 146|0x00000004ea800000, 0x00000004ea800000, 0x00000004eaa00000|  0%| F|  |TAMS 0x00000004ea800000| PB 0x00000004ea800000| Untracked 
| 147|0x00000004eaa00000, 0x00000004eaa00000, 0x00000004eac00000|  0%| F|  |TAMS 0x00000004eaa00000| PB 0x00000004eaa00000| Untracked 
| 148|0x00000004eac00000, 0x00000004eac00000, 0x00000004eae00000|  0%| F|  |TAMS 0x00000004eac00000| PB 0x00000004eac00000| Untracked 
| 149|0x00000004eae00000, 0x00000004eae00000, 0x00000004eb000000|  0%| F|  |TAMS 0x00000004eae00000| PB 0x00000004eae00000| Untracked 
| 150|0x00000004eb000000, 0x00000004eb000000, 0x00000004eb200000|  0%| F|  |TAMS 0x00000004eb000000| PB 0x00000004eb000000| Untracked 
| 151|0x00000004eb200000, 0x00000004eb200000, 0x00000004eb400000|  0%| F|  |TAMS 0x00000004eb200000| PB 0x00000004eb200000| Untracked 
| 152|0x00000004eb400000, 0x00000004eb400000, 0x00000004eb600000|  0%| F|  |TAMS 0x00000004eb400000| PB 0x00000004eb400000| Untracked 
| 153|0x00000004eb600000, 0x00000004eb600000, 0x00000004eb800000|  0%| F|  |TAMS 0x00000004eb600000| PB 0x00000004eb600000| Untracked 
| 154|0x00000004eb800000, 0x00000004eb800000, 0x00000004eba00000|  0%| F|  |TAMS 0x00000004eb800000| PB 0x00000004eb800000| Untracked 
| 155|0x00000004eba00000, 0x00000004eba00000, 0x00000004ebc00000|  0%| F|  |TAMS 0x00000004eba00000| PB 0x00000004eba00000| Untracked 
| 156|0x00000004ebc00000, 0x00000004ebc00000, 0x00000004ebe00000|  0%| F|  |TAMS 0x00000004ebc00000| PB 0x00000004ebc00000| Untracked 
| 157|0x00000004ebe00000, 0x00000004ebe00000, 0x00000004ec000000|  0%| F|  |TAMS 0x00000004ebe00000| PB 0x00000004ebe00000| Untracked 
| 158|0x00000004ec000000, 0x00000004ec000000, 0x00000004ec200000|  0%| F|  |TAMS 0x00000004ec000000| PB 0x00000004ec000000| Untracked 
| 159|0x00000004ec200000, 0x00000004ec200000, 0x00000004ec400000|  0%| F|  |TAMS 0x00000004ec200000| PB 0x00000004ec200000| Untracked 
| 160|0x00000004ec400000, 0x00000004ec400000, 0x00000004ec600000|  0%| F|  |TAMS 0x00000004ec400000| PB 0x00000004ec400000| Untracked 
| 161|0x00000004ec600000, 0x00000004ec600000, 0x00000004ec800000|  0%| F|  |TAMS 0x00000004ec600000| PB 0x00000004ec600000| Untracked 
| 162|0x00000004ec800000, 0x00000004ec800000, 0x00000004eca00000|  0%| F|  |TAMS 0x00000004ec800000| PB 0x00000004ec800000| Untracked 
| 163|0x00000004eca00000, 0x00000004eca00000, 0x00000004ecc00000|  0%| F|  |TAMS 0x00000004eca00000| PB 0x00000004eca00000| Untracked 
| 164|0x00000004ecc00000, 0x00000004ecc00000, 0x00000004ece00000|  0%| F|  |TAMS 0x00000004ecc00000| PB 0x00000004ecc00000| Untracked 
| 165|0x00000004ece00000, 0x00000004ece00000, 0x00000004ed000000|  0%| F|  |TAMS 0x00000004ece00000| PB 0x00000004ece00000| Untracked 
| 166|0x00000004ed000000, 0x00000004ed000000, 0x00000004ed200000|  0%| F|  |TAMS 0x00000004ed000000| PB 0x00000004ed000000| Untracked 
| 167|0x00000004ed200000, 0x00000004ed200000, 0x00000004ed400000|  0%| F|  |TAMS 0x00000004ed200000| PB 0x00000004ed200000| Untracked 
| 168|0x00000004ed400000, 0x00000004ed400000, 0x00000004ed600000|  0%| F|  |TAMS 0x00000004ed400000| PB 0x00000004ed400000| Untracked 
| 169|0x00000004ed600000, 0x00000004ed600000, 0x00000004ed800000|  0%| F|  |TAMS 0x00000004ed600000| PB 0x00000004ed600000| Untracked 
| 170|0x00000004ed800000, 0x00000004ed800000, 0x00000004eda00000|  0%| F|  |TAMS 0x00000004ed800000| PB 0x00000004ed800000| Untracked 
| 171|0x00000004eda00000, 0x00000004eda00000, 0x00000004edc00000|  0%| F|  |TAMS 0x00000004eda00000| PB 0x00000004eda00000| Untracked 
| 172|0x00000004edc00000, 0x00000004edc00000, 0x00000004ede00000|  0%| F|  |TAMS 0x00000004edc00000| PB 0x00000004edc00000| Untracked 
| 173|0x00000004ede00000, 0x00000004ede00000, 0x00000004ee000000|  0%| F|  |TAMS 0x00000004ede00000| PB 0x00000004ede00000| Untracked 
| 174|0x00000004ee000000, 0x00000004ee000000, 0x00000004ee200000|  0%| F|  |TAMS 0x00000004ee000000| PB 0x00000004ee000000| Untracked 
| 175|0x00000004ee200000, 0x00000004ee200000, 0x00000004ee400000|  0%| F|  |TAMS 0x00000004ee200000| PB 0x00000004ee200000| Untracked 
| 176|0x00000004ee400000, 0x00000004ee400000, 0x00000004ee600000|  0%| F|  |TAMS 0x00000004ee400000| PB 0x00000004ee400000| Untracked 
| 177|0x00000004ee600000, 0x00000004ee600000, 0x00000004ee800000|  0%| F|  |TAMS 0x00000004ee600000| PB 0x00000004ee600000| Untracked 
| 178|0x00000004ee800000, 0x00000004ee800000, 0x00000004eea00000|  0%| F|  |TAMS 0x00000004ee800000| PB 0x00000004ee800000| Untracked 
| 179|0x00000004eea00000, 0x00000004eea00000, 0x00000004eec00000|  0%| F|  |TAMS 0x00000004eea00000| PB 0x00000004eea00000| Untracked 
| 180|0x00000004eec00000, 0x00000004eec00000, 0x00000004eee00000|  0%| F|  |TAMS 0x00000004eec00000| PB 0x00000004eec00000| Untracked 
| 181|0x00000004eee00000, 0x00000004eee00000, 0x00000004ef000000|  0%| F|  |TAMS 0x00000004eee00000| PB 0x00000004eee00000| Untracked 
| 182|0x00000004ef000000, 0x00000004ef000000, 0x00000004ef200000|  0%| F|  |TAMS 0x00000004ef000000| PB 0x00000004ef000000| Untracked 
| 183|0x00000004ef200000, 0x00000004ef200800, 0x00000004ef400000|  0%| E|  |TAMS 0x00000004ef200000| PB 0x00000004ef200000| Complete 
| 184|0x00000004ef400000, 0x00000004ef600000, 0x00000004ef600000|100%| E|CS|TAMS 0x00000004ef400000| PB 0x00000004ef400000| Complete 
| 185|0x00000004ef600000, 0x00000004ef800000, 0x00000004ef800000|100%| E|CS|TAMS 0x00000004ef600000| PB 0x00000004ef600000| Complete 
| 186|0x00000004ef800000, 0x00000004efa00000, 0x00000004efa00000|100%| E|CS|TAMS 0x00000004ef800000| PB 0x00000004ef800000| Complete 
| 187|0x00000004efa00000, 0x00000004efc00000, 0x00000004efc00000|100%| E|CS|TAMS 0x00000004efa00000| PB 0x00000004efa00000| Complete 
| 188|0x00000004efc00000, 0x00000004efe00000, 0x00000004efe00000|100%| E|CS|TAMS 0x00000004efc00000| PB 0x00000004efc00000| Complete 
| 189|0x00000004efe00000, 0x00000004f0000000, 0x00000004f0000000|100%| E|CS|TAMS 0x00000004efe00000| PB 0x00000004efe00000| Complete 
| 190|0x00000004f0000000, 0x00000004f0200000, 0x00000004f0200000|100%| E|CS|TAMS 0x00000004f0000000| PB 0x00000004f0000000| Complete 
| 191|0x00000004f0200000, 0x00000004f0400000, 0x00000004f0400000|100%| E|CS|TAMS 0x00000004f0200000| PB 0x00000004f0200000| Complete 
| 192|0x00000004f0400000, 0x00000004f0600000, 0x00000004f0600000|100%| E|CS|TAMS 0x00000004f0400000| PB 0x00000004f0400000| Complete 
| 193|0x00000004f0600000, 0x00000004f0800000, 0x00000004f0800000|100%| E|CS|TAMS 0x00000004f0600000| PB 0x00000004f0600000| Complete 
| 194|0x00000004f0800000, 0x00000004f0a00000, 0x00000004f0a00000|100%| E|CS|TAMS 0x00000004f0800000| PB 0x00000004f0800000| Complete 
| 195|0x00000004f0a00000, 0x00000004f0c00000, 0x00000004f0c00000|100%| E|CS|TAMS 0x00000004f0a00000| PB 0x00000004f0a00000| Complete 
| 196|0x00000004f0c00000, 0x00000004f0e00000, 0x00000004f0e00000|100%| E|CS|TAMS 0x00000004f0c00000| PB 0x00000004f0c00000| Complete 
| 197|0x00000004f0e00000, 0x00000004f1000000, 0x00000004f1000000|100%| E|CS|TAMS 0x00000004f0e00000| PB 0x00000004f0e00000| Complete 
| 198|0x00000004f1000000, 0x00000004f1200000, 0x00000004f1200000|100%| E|CS|TAMS 0x00000004f1000000| PB 0x00000004f1000000| Complete 
| 199|0x00000004f1200000, 0x00000004f1400000, 0x00000004f1400000|100%| E|CS|TAMS 0x00000004f1200000| PB 0x00000004f1200000| Complete 
| 200|0x00000004f1400000, 0x00000004f1600000, 0x00000004f1600000|100%| E|CS|TAMS 0x00000004f1400000| PB 0x00000004f1400000| Complete 
| 201|0x00000004f1600000, 0x00000004f1800000, 0x00000004f1800000|100%| E|CS|TAMS 0x00000004f1600000| PB 0x00000004f1600000| Complete 
| 202|0x00000004f1800000, 0x00000004f1a00000, 0x00000004f1a00000|100%| E|CS|TAMS 0x00000004f1800000| PB 0x00000004f1800000| Complete 
| 203|0x00000004f1a00000, 0x00000004f1c00000, 0x00000004f1c00000|100%| E|CS|TAMS 0x00000004f1a00000| PB 0x00000004f1a00000| Complete 
| 204|0x00000004f1c00000, 0x00000004f1e00000, 0x00000004f1e00000|100%| E|CS|TAMS 0x00000004f1c00000| PB 0x00000004f1c00000| Complete 
| 205|0x00000004f1e00000, 0x00000004f2000000, 0x00000004f2000000|100%| E|CS|TAMS 0x00000004f1e00000| PB 0x00000004f1e00000| Complete 
| 206|0x00000004f2000000, 0x00000004f2200000, 0x00000004f2200000|100%| E|CS|TAMS 0x00000004f2000000| PB 0x00000004f2000000| Complete 
| 207|0x00000004f2200000, 0x00000004f2400000, 0x00000004f2400000|100%| E|CS|TAMS 0x00000004f2200000| PB 0x00000004f2200000| Complete 
| 208|0x00000004f2400000, 0x00000004f2600000, 0x00000004f2600000|100%| E|CS|TAMS 0x00000004f2400000| PB 0x00000004f2400000| Complete 
| 209|0x00000004f2600000, 0x00000004f2800000, 0x00000004f2800000|100%| E|CS|TAMS 0x00000004f2600000| PB 0x00000004f2600000| Complete 
| 210|0x00000004f2800000, 0x00000004f2a00000, 0x00000004f2a00000|100%| E|CS|TAMS 0x00000004f2800000| PB 0x00000004f2800000| Complete 
| 211|0x00000004f2a00000, 0x00000004f2c00000, 0x00000004f2c00000|100%| E|CS|TAMS 0x00000004f2a00000| PB 0x00000004f2a00000| Complete 
| 212|0x00000004f2c00000, 0x00000004f2e00000, 0x00000004f2e00000|100%| E|CS|TAMS 0x00000004f2c00000| PB 0x00000004f2c00000| Complete 
| 213|0x00000004f2e00000, 0x00000004f3000000, 0x00000004f3000000|100%| E|CS|TAMS 0x00000004f2e00000| PB 0x00000004f2e00000| Complete 
| 214|0x00000004f3000000, 0x00000004f3200000, 0x00000004f3200000|100%| E|CS|TAMS 0x00000004f3000000| PB 0x00000004f3000000| Complete 
| 215|0x00000004f3200000, 0x00000004f3400000, 0x00000004f3400000|100%| E|CS|TAMS 0x00000004f3200000| PB 0x00000004f3200000| Complete 
| 216|0x00000004f3400000, 0x00000004f3600000, 0x00000004f3600000|100%| E|CS|TAMS 0x00000004f3400000| PB 0x00000004f3400000| Complete 
| 217|0x00000004f3600000, 0x00000004f3800000, 0x00000004f3800000|100%| E|CS|TAMS 0x00000004f3600000| PB 0x00000004f3600000| Complete 
|1995|0x00000005d1a00000, 0x00000005d1c00000, 0x00000005d1c00000|100%| O|  |TAMS 0x00000005d1a00000| PB 0x00000005d1a00000| Untracked 
|1996|0x00000005d1c00000, 0x00000005d1e00000, 0x00000005d1e00000|100%| E|CS|TAMS 0x00000005d1c00000| PB 0x00000005d1c00000| Complete 
|1997|0x00000005d1e00000, 0x00000005d2000000, 0x00000005d2000000|100%| E|CS|TAMS 0x00000005d1e00000| PB 0x00000005d1e00000| Complete 
|1998|0x00000005d2000000, 0x00000005d2200000, 0x00000005d2200000|100%| E|CS|TAMS 0x00000005d2000000| PB 0x00000005d2000000| Complete 
|1999|0x00000005d2200000, 0x00000005d2400000, 0x00000005d2400000|100%| E|CS|TAMS 0x00000005d2200000| PB 0x00000005d2200000| Complete 
|2000|0x00000005d2400000, 0x00000005d2600000, 0x00000005d2600000|100%| E|CS|TAMS 0x00000005d2400000| PB 0x00000005d2400000| Complete 
|2001|0x00000005d2600000, 0x00000005d2800000, 0x00000005d2800000|100%| E|CS|TAMS 0x00000005d2600000| PB 0x00000005d2600000| Complete 
|2002|0x00000005d2800000, 0x00000005d2a00000, 0x00000005d2a00000|100%| O|  |TAMS 0x00000005d2800000| PB 0x00000005d2800000| Untracked 
|2003|0x00000005d2a00000, 0x00000005d2c00000, 0x00000005d2c00000|100%| E|CS|TAMS 0x00000005d2a00000| PB 0x00000005d2a00000| Complete 
|2004|0x00000005d2c00000, 0x00000005d2e00000, 0x00000005d2e00000|100%| E|CS|TAMS 0x00000005d2c00000| PB 0x00000005d2c00000| Complete 
|2005|0x00000005d2e00000, 0x00000005d3000000, 0x00000005d3000000|100%| E|CS|TAMS 0x00000005d2e00000| PB 0x00000005d2e00000| Complete 
|2006|0x00000005d3000000, 0x00000005d3200000, 0x00000005d3200000|100%| E|CS|TAMS 0x00000005d3000000| PB 0x00000005d3000000| Complete 
|2007|0x00000005d3200000, 0x00000005d3400000, 0x00000005d3400000|100%| E|CS|TAMS 0x00000005d3200000| PB 0x00000005d3200000| Complete 
|2008|0x00000005d3400000, 0x00000005d3600000, 0x00000005d3600000|100%| E|CS|TAMS 0x00000005d3400000| PB 0x00000005d3400000| Complete 
|2009|0x00000005d3600000, 0x00000005d3800000, 0x00000005d3800000|100%| O|  |TAMS 0x00000005d3600000| PB 0x00000005d3600000| Untracked 
|2010|0x00000005d3800000, 0x00000005d3a00000, 0x00000005d3a00000|100%| E|CS|TAMS 0x00000005d3800000| PB 0x00000005d3800000| Complete 
|2011|0x00000005d3a00000, 0x00000005d3c00000, 0x00000005d3c00000|100%| E|CS|TAMS 0x00000005d3a00000| PB 0x00000005d3a00000| Complete 

Card table byte_map: [0x000001b353810000,0x000001b353ff0000] _byte_map_base: 0x000001b35114e000

Marking Bits: (CMBitMap*) 0x000001b33a8f8c00
 Bits: [0x000001b353ff0000, 0x000001b357ed0000)

Polling page: 0x000001b338fd0000

Metaspace:

Usage:
  Non-class:     70.56 MB used.
      Class:      9.39 MB used.
       Both:     79.95 MB used.

Virtual space:
  Non-class space:      128.00 MB reserved,      71.19 MB ( 56%) committed,  2 nodes.
      Class space:        1.00 GB reserved,       9.94 MB ( <1%) committed,  1 nodes.
             Both:        1.12 GB reserved,      81.12 MB (  7%) committed. 

Chunk freelists:
   Non-Class:  8.05 MB
       Class:  5.96 MB
        Both:  14.01 MB

MaxMetaspaceSize: unlimited
CompressedClassSpaceSize: 1.00 GB
Initial GC threshold: 21.00 MB
Current GC threshold: 134.06 MB
CDS: on
 - commit_granule_bytes: 65536.
 - commit_granule_words: 8192.
 - virtual_space_node_default_size: 8388608.
 - enlarge_chunks_in_place: 1.
 - use_allocation_guard: 0.


Internal statistics:

num_allocs_failed_limit: 6.
num_arena_births: 1228.
num_arena_deaths: 4.
num_vsnodes_births: 3.
num_vsnodes_deaths: 0.
num_space_committed: 1298.
num_space_uncommitted: 0.
num_chunks_returned_to_freelist: 19.
num_chunks_taken_from_freelist: 3636.
num_chunk_merges: 2.
num_chunk_splits: 2419.
num_chunks_enlarged: 1514.
num_inconsistent_stats: 0.

CodeHeap 'non-profiled nmethods': size=119168Kb used=13262Kb max_used=14078Kb free=105905Kb
 bounds [0x000001b34ac20000, 0x000001b34ba00000, 0x000001b352080000]
CodeHeap 'profiled nmethods': size=119104Kb used=27738Kb max_used=31759Kb free=91365Kb
 bounds [0x000001b343080000, 0x000001b344fb0000, 0x000001b34a4d0000]
CodeHeap 'non-nmethods': size=7488Kb used=3841Kb max_used=4005Kb free=3646Kb
 bounds [0x000001b34a4d0000, 0x000001b34a8d0000, 0x000001b34ac20000]
 total_blobs=13707 nmethods=12614 adapters=991
 compilation: enabled
              stopped_count=0, restarted_count=0
 full_count=0

Compilation events (20 events):
Event: 38.288 Thread 0x000001b3a8a9b750 17265       3       org.jdesktop.swingx.decorator.ResetDTCRColorHighlighter::applyForeground (59 bytes)
Event: 38.288 Thread 0x000001b3a8a9cbc0 17264       4       sun.font.FileFontStrike::getSlot0GlyphImagePtrs (130 bytes)
Event: 38.288 Thread 0x000001b3a0033520 17266       3       javax.swing.table.DefaultTableCellRenderer::invalidate (1 bytes)
Event: 38.288 Thread 0x000001b3a8a9a9b0 17267       3       org.jdesktop.swingx.decorator.ResetDTCRColorHighlighter::applyBackground (59 bytes)
Event: 38.288 Thread 0x000001b3a0033520 nmethod 17266 0x000001b3432be910 code [0x000001b3432beaa0, 0x000001b3432beba8]
Event: 38.288 Thread 0x000001b3a8a9c4f0 17268       4       org.jdesktop.swingx.JXTable::getComponentAdapter (17 bytes)
Event: 38.289 Thread 0x000001b3a8a9b750 nmethod 17265 0x000001b34363e810 code [0x000001b34363ea60, 0x000001b34363f4f8]
Event: 38.289 Thread 0x000001b3a8a9a9b0 nmethod 17267 0x000001b3438e9a90 code [0x000001b3438e9ce0, 0x000001b3438ea778]
Event: 38.289 Thread 0x000001b3a8a9c4f0 nmethod 17268 0x000001b34ad79490 code [0x000001b34ad79620, 0x000001b34ad796e0]
Event: 38.290 Thread 0x000001b3a8a9a9b0 17269       3       org.jdesktop.swingx.JXTable::resetDefaultTableCellRendererColors (56 bytes)
Event: 38.290 Thread 0x000001b3a8a9b750 17270       3       org.jdesktop.swingx.decorator.ResetDTCRColorHighlighter::highlight (16 bytes)
Event: 38.290 Thread 0x000001b3ab937c10 17271       3       javax.swing.JComponent::adjustPaintFlags (93 bytes)
Event: 38.290 Thread 0x000001b3a0033520 17272       3       javax.swing.JTable::prepareRenderer (114 bytes)
Event: 38.291 Thread 0x000001b3a8a9b750 nmethod 17270 0x000001b3431d1d90 code [0x000001b3431d1f80, 0x000001b3431d2668]
Event: 38.291 Thread 0x000001b3a8a9a9b0 nmethod 17269 0x000001b3435fd590 code [0x000001b3435fd7e0, 0x000001b3435fe4d8]
Event: 38.291 Thread 0x000001b3ab937c10 nmethod 17271 0x000001b343206310 code [0x000001b343206540, 0x000001b343207120]
Event: 38.292 Thread 0x000001b3a0033520 nmethod 17272 0x000001b344b54710 code [0x000001b344b549e0, 0x000001b344b56078]
Event: 38.293 Thread 0x000001b3a8a9cbc0 nmethod 17264 0x000001b34ac36210 code [0x000001b34ac36400, 0x000001b34ac368e0]
Event: 38.391 Thread 0x000001b3ab937c10 17273       1       javax.swing.plaf.basic.BasicProgressBarUI::getAnimationIndex (5 bytes)
Event: 38.391 Thread 0x000001b3ab937c10 nmethod 17273 0x000001b34ad98890 code [0x000001b34ad98a20, 0x000001b34ad98ae8]

GC Heap History (20 events):
Event: 16.161 GC heap before
{Heap before GC invocations=52 (full 0):
 garbage-first heap   total 434176K, used 362686K [0x00000004d8400000, 0x00000005d3c00000)
  region size 2048K, 127 young (260096K), 16 survivors (32768K)
 Metaspace       used 65879K, committed 66944K, reserved 1114112K
  class space    used 7392K, committed 7872K, reserved 1048576K
}
Event: 16.170 GC heap after
{Heap after GC invocations=53 (full 0):
 garbage-first heap   total 434176K, used 137577K [0x00000004d8400000, 0x00000005d3c00000)
  region size 2048K, 9 young (18432K), 9 survivors (18432K)
 Metaspace       used 65879K, committed 66944K, reserved 1114112K
  class space    used 7392K, committed 7872K, reserved 1048576K
}
Event: 18.489 GC heap before
{Heap before GC invocations=53 (full 0):
 garbage-first heap   total 434176K, used 379241K [0x00000004d8400000, 0x00000005d3c00000)
  region size 2048K, 127 young (260096K), 9 survivors (18432K)
 Metaspace       used 67962K, committed 69120K, reserved 1114112K
  class space    used 7630K, committed 8192K, reserved 1048576K
}
Event: 18.499 GC heap after
{Heap after GC invocations=54 (full 0):
 garbage-first heap   total 434176K, used 153600K [0x00000004d8400000, 0x00000005d3c00000)
  region size 2048K, 16 young (32768K), 16 survivors (32768K)
 Metaspace       used 67962K, committed 69120K, reserved 1114112K
  class space    used 7630K, committed 8192K, reserved 1048576K
}
Event: 19.799 GC heap before
{Heap before GC invocations=55 (full 0):
 garbage-first heap   total 434176K, used 385024K [0x00000004d8400000, 0x00000005d3c00000)
  region size 2048K, 125 young (256000K), 16 survivors (32768K)
 Metaspace       used 73824K, committed 74944K, reserved 1179648K
  class space    used 8301K, committed 8832K, reserved 1048576K
}
Event: 19.811 GC heap after
{Heap after GC invocations=56 (full 0):
 garbage-first heap   total 434176K, used 173569K [0x00000004d8400000, 0x00000005d3c00000)
  region size 2048K, 14 young (28672K), 14 survivors (28672K)
 Metaspace       used 73824K, committed 74944K, reserved 1179648K
  class space    used 8301K, committed 8832K, reserved 1048576K
}
Event: 20.483 GC heap before
{Heap before GC invocations=56 (full 0):
 garbage-first heap   total 434176K, used 376321K [0x00000004d8400000, 0x00000005d3c00000)
  region size 2048K, 114 young (233472K), 14 survivors (28672K)
 Metaspace       used 76497K, committed 77696K, reserved 1179648K
  class space    used 8699K, committed 9216K, reserved 1048576K
}
Event: 20.491 GC heap after
{Heap after GC invocations=57 (full 0):
 garbage-first heap   total 434176K, used 175477K [0x00000004d8400000, 0x00000005d3c00000)
  region size 2048K, 6 young (12288K), 6 survivors (12288K)
 Metaspace       used 76497K, committed 77696K, reserved 1179648K
  class space    used 8699K, committed 9216K, reserved 1048576K
}
Event: 29.001 GC heap before
{Heap before GC invocations=57 (full 0):
 garbage-first heap   total 434176K, used 396661K [0x00000004d8400000, 0x00000005d3c00000)
  region size 2048K, 114 young (233472K), 6 survivors (12288K)
 Metaspace       used 77621K, committed 78848K, reserved 1179648K
  class space    used 8734K, committed 9344K, reserved 1048576K
}
Event: 29.009 GC heap after
{Heap after GC invocations=58 (full 0):
 garbage-first heap   total 434176K, used 175584K [0x00000004d8400000, 0x00000005d3c00000)
  region size 2048K, 6 young (12288K), 6 survivors (12288K)
 Metaspace       used 77621K, committed 78848K, reserved 1179648K
  class space    used 8734K, committed 9344K, reserved 1048576K
}
Event: 30.856 GC heap before
{Heap before GC invocations=59 (full 0):
 garbage-first heap   total 434176K, used 398816K [0x00000004d8400000, 0x00000005d3c00000)
  region size 2048K, 114 young (233472K), 6 survivors (12288K)
 Metaspace       used 80304K, committed 81600K, reserved 1179648K
  class space    used 9521K, committed 10112K, reserved 1048576K
}
Event: 30.875 GC heap after
{Heap after GC invocations=60 (full 0):
 garbage-first heap   total 462848K, used 228294K [0x00000004d8400000, 0x00000005d3c00000)
  region size 2048K, 15 young (30720K), 15 survivors (30720K)
 Metaspace       used 80304K, committed 81600K, reserved 1179648K
  class space    used 9521K, committed 10112K, reserved 1048576K
}
Event: 34.461 GC heap before
{Heap before GC invocations=60 (full 0):
 garbage-first heap   total 462848K, used 398278K [0x00000004d8400000, 0x00000005d3c00000)
  region size 2048K, 99 young (202752K), 15 survivors (30720K)
 Metaspace       used 80791K, committed 82048K, reserved 1179648K
  class space    used 9547K, committed 10112K, reserved 1048576K
}
Event: 34.481 GC heap after
{Heap after GC invocations=61 (full 0):
 garbage-first heap   total 462848K, used 253952K [0x00000004d8400000, 0x00000005d3c00000)
  region size 2048K, 13 young (26624K), 13 survivors (26624K)
 Metaspace       used 80791K, committed 82048K, reserved 1179648K
  class space    used 9547K, committed 10112K, reserved 1048576K
}
Event: 36.308 GC heap before
{Heap before GC invocations=61 (full 0):
 garbage-first heap   total 462848K, used 399360K [0x00000004d8400000, 0x00000005d3c00000)
  region size 2048K, 84 young (172032K), 13 survivors (26624K)
 Metaspace       used 81111K, committed 82368K, reserved 1179648K
  class space    used 9558K, committed 10112K, reserved 1048576K
}
Event: 36.318 GC heap after
{Heap after GC invocations=62 (full 0):
 garbage-first heap   total 462848K, used 271865K [0x00000004d8400000, 0x00000005d3c00000)
  region size 2048K, 8 young (16384K), 8 survivors (16384K)
 Metaspace       used 81111K, committed 82368K, reserved 1179648K
  class space    used 9558K, committed 10112K, reserved 1048576K
}
Event: 36.526 GC heap before
{Heap before GC invocations=63 (full 0):
 garbage-first heap   total 481280K, used 396793K [0x00000004d8400000, 0x00000005d3c00000)
  region size 2048K, 74 young (151552K), 8 survivors (16384K)
 Metaspace       used 81030K, committed 82368K, reserved 1179648K
  class space    used 9552K, committed 10112K, reserved 1048576K
}
Event: 36.530 GC heap after
{Heap after GC invocations=64 (full 0):
 garbage-first heap   total 481280K, used 264015K [0x00000004d8400000, 0x00000005d3c00000)
  region size 2048K, 1 young (2048K), 1 survivors (2048K)
 Metaspace       used 81030K, committed 82368K, reserved 1179648K
  class space    used 9552K, committed 10112K, reserved 1048576K
}
Event: 36.972 GC heap before
{Heap before GC invocations=64 (full 0):
 garbage-first heap   total 481280K, used 425807K [0x00000004d8400000, 0x00000005d3c00000)
  region size 2048K, 80 young (163840K), 1 survivors (2048K)
 Metaspace       used 81154K, committed 82496K, reserved 1179648K
  class space    used 9552K, committed 10112K, reserved 1048576K
}
Event: 36.981 GC heap after
{Heap after GC invocations=65 (full 0):
 garbage-first heap   total 481280K, used 273807K [0x00000004d8400000, 0x00000005d3c00000)
  region size 2048K, 10 young (20480K), 10 survivors (20480K)
 Metaspace       used 81154K, committed 82496K, reserved 1179648K
  class space    used 9552K, committed 10112K, reserved 1048576K
}

Dll operation events (18 events):
Event: 0.008 Loaded shared library E:\X15\stm32cubemx\java\bin\java.dll
Event: 0.034 Loaded shared library E:\X15\stm32cubemx\java\bin\jsvml.dll
Event: 0.044 Loaded shared library E:\X15\stm32cubemx\java\bin\net.dll
Event: 0.046 Loaded shared library E:\X15\stm32cubemx\java\bin\nio.dll
Event: 0.059 Loaded shared library E:\X15\stm32cubemx\java\bin\zip.dll
Event: 0.078 Loaded shared library E:\X15\stm32cubemx\java\bin\jimage.dll
Event: 0.249 Loaded shared library E:\X15\stm32cubemx\java\bin\management.dll
Event: 0.253 Loaded shared library E:\X15\stm32cubemx\java\bin\management_ext.dll
Event: 1.432 Loaded shared library E:\X15\stm32cubemx\java\bin\awt.dll
Event: 2.497 Loaded shared library E:\X15\stm32cubemx\java\bin\freetype.dll
Event: 2.501 Loaded shared library E:\X15\stm32cubemx\java\bin\fontmanager.dll
Event: 3.199 Loaded shared library E:\X15\stm32cubemx\java\bin\verify.dll
Event: 3.314 Loaded shared library E:\X15\stm32cubemx\java\bin\prefs.dll
Event: 6.455 Loaded shared library E:\X15\stm32cubemx\java\bin\sunmscapi.dll
Event: 7.443 Loaded shared library E:\X15\stm32cubemx\java\bin\extnet.dll
Event: 8.257 Loaded shared library E:\X15\stm32cubemx\java\bin\javajpeg.dll
Event: 8.269 Loaded shared library E:\X15\stm32cubemx\java\bin\lcms.dll
Event: 16.388 Loaded shared library C:\Users\X15\AppData\Local\Temp\sqlite-3.34.0-08b4cb2f-af75-42aa-80da-e3e313fd5b45-sqlitejdbc.dll

Deoptimization events (20 events):
Event: 38.182 Thread 0x000001b3a17a27b0 Uncommon trap: trap_request=0xffffff45 fr.pc=0x000001b34b8ffc54 relative=0x0000000000000334
Event: 38.182 Thread 0x000001b3a17a27b0 Uncommon trap: reason=unstable_if action=reinterpret pc=0x000001b34b8ffc54 method=com.st.components.swing.DefaultCellAttribute.isOutOfBounds(II)Z @ 13 c2
Event: 38.182 Thread 0x000001b3a17a27b0 DEOPT PACKING pc=0x000001b34b8ffc54 sp=0x000000071dcfdd10
Event: 38.182 Thread 0x000001b3a17a27b0 DEOPT UNPACKING pc=0x000001b34a5246a2 sp=0x000000071dcfdc48 mode 2
Event: 38.182 Thread 0x000001b3a17a27b0 Uncommon trap: trap_request=0xffffff45 fr.pc=0x000001b34b8cb69c relative=0x000000000000023c
Event: 38.182 Thread 0x000001b3a17a27b0 Uncommon trap: reason=unstable_if action=reinterpret pc=0x000001b34b8cb69c method=com.st.components.swing.DefaultCellAttribute.isOutOfBounds(II)Z @ 13 c2
Event: 38.182 Thread 0x000001b3a17a27b0 DEOPT PACKING pc=0x000001b34b8cb69c sp=0x000000071dcfdd10
Event: 38.182 Thread 0x000001b3a17a27b0 DEOPT UNPACKING pc=0x000001b34a5246a2 sp=0x000000071dcfdc50 mode 2
Event: 38.214 Thread 0x000001b3a17a27b0 Uncommon trap: trap_request=0xffffffde fr.pc=0x000001b34b8fca24 relative=0x0000000000001544
Event: 38.214 Thread 0x000001b3a17a27b0 Uncommon trap: reason=class_check action=maybe_recompile pc=0x000001b34b8fca24 method=com.st.microxplorer.mcufinder.gui.selector.ResultTable.prepareRenderer(Ljavax/swing/table/TableCellRenderer;II)Ljava/awt/Component; @ 92 c2
Event: 38.214 Thread 0x000001b3a17a27b0 DEOPT PACKING pc=0x000001b34b8fca24 sp=0x000000071dcfb760
Event: 38.214 Thread 0x000001b3a17a27b0 DEOPT UNPACKING pc=0x000001b34a5246a2 sp=0x000000071dcfb708 mode 2
Event: 38.222 Thread 0x000001b3a17a27b0 Uncommon trap: trap_request=0xffffff45 fr.pc=0x000001b34b884fc4 relative=0x0000000000000584
Event: 38.222 Thread 0x000001b3a17a27b0 Uncommon trap: reason=unstable_if action=reinterpret pc=0x000001b34b884fc4 method=sun.java2d.loops.RenderCache.get(Lsun/java2d/loops/SurfaceType;Lsun/java2d/loops/CompositeType;Lsun/java2d/loops/SurfaceType;)Ljava/lang/Object; @ 15 c2
Event: 38.222 Thread 0x000001b3a17a27b0 DEOPT PACKING pc=0x000001b34b884fc4 sp=0x000000071dcf9bd0
Event: 38.222 Thread 0x000001b3a17a27b0 DEOPT UNPACKING pc=0x000001b34a5246a2 sp=0x000000071dcf9b68 mode 2
Event: 38.286 Thread 0x000001b3a17a27b0 Uncommon trap: trap_request=0xffffffde fr.pc=0x000001b34b8fca24 relative=0x0000000000001544
Event: 38.286 Thread 0x000001b3a17a27b0 Uncommon trap: reason=class_check action=maybe_recompile pc=0x000001b34b8fca24 method=com.st.microxplorer.mcufinder.gui.selector.ResultTable.prepareRenderer(Ljavax/swing/table/TableCellRenderer;II)Ljava/awt/Component; @ 92 c2
Event: 38.286 Thread 0x000001b3a17a27b0 DEOPT PACKING pc=0x000001b34b8fca24 sp=0x000000071dcfd480
Event: 38.286 Thread 0x000001b3a17a27b0 DEOPT UNPACKING pc=0x000001b34a5246a2 sp=0x000000071dcfd428 mode 2

Classes loaded (20 events):
Event: 38.095 Loading class sun/font/NativeFont
Event: 38.095 Loading class sun/font/NativeFont done
Event: 38.095 Loading class sun/font/GlyphLayout$EngineRecord
Event: 38.096 Loading class sun/font/GlyphLayout$EngineRecord done
Event: 38.096 Loading class sun/font/GlyphLayout$LayoutEngineKey
Event: 38.096 Loading class sun/font/GlyphLayout$LayoutEngineKey done
Event: 38.096 Loading class sun/font/SunLayoutEngine$FaceRef
Event: 38.096 Loading class sun/font/SunLayoutEngine$FaceRef done
Event: 38.105 Loading class java/awt/font/TextLine$TextLineMetrics
Event: 38.105 Loading class java/awt/font/TextLine$TextLineMetrics done
Event: 38.119 Loading class sun/java2d/pipe/RegionSpanIterator
Event: 38.119 Loading class sun/java2d/pipe/RegionSpanIterator done
Event: 38.149 Loading class sun/java2d/pipe/SpanClipRenderer$SCRcontext
Event: 38.149 Loading class sun/java2d/pipe/SpanClipRenderer$SCRcontext done
Event: 38.167 Loading class javax/swing/plaf/metal/MetalUtils$OceanDisabledButtonImageFilter
Event: 38.168 Loading class java/awt/image/RGBImageFilter
Event: 38.168 Loading class java/awt/image/RGBImageFilter done
Event: 38.168 Loading class javax/swing/plaf/metal/MetalUtils$OceanDisabledButtonImageFilter done
Event: 38.181 Loading class java/awt/Component$2
Event: 38.181 Loading class java/awt/Component$2 done

Classes unloaded (10 events):
Event: 36.365 Thread 0x000001b338d1f490 Unloading class 0x000001b35c9409d8 'com/st/stm32cube/ide/common/services/mx/jar/core/mx/plugin/PlugInInstaller$PlugInRoot'
Event: 36.365 Thread 0x000001b338d1f490 Unloading class 0x000001b35c9407a0 'com/st/stm32cube/ide/common/services/mx/jar/core/mx/plugin/PlugInInstaller'
Event: 36.365 Thread 0x000001b338d1f490 Unloading class 0x000001b35c9404c8 'com/st/stm32cube/ide/common/services/mx/jar/core/mx/plugin/PlugIn'
Event: 36.365 Thread 0x000001b338d1f490 Unloading class 0x000001b35c9401f8 'com/st/stm32cube/ide/common/services/mx/jar/core/mx/plugin/PlugInAbstract'
Event: 36.365 Thread 0x000001b338d1f490 Unloading class 0x000001b35c940000 'com/st/stm32cube/ide/common/services/mx/jar/core/mx/plugin/PlugInInterface'
Event: 36.365 Thread 0x000001b338d1f490 Unloading class 0x000001b35c8e39d8 'com/st/stm32cube/ide/common/services/mx/jar/core/mx/plugin/PlugInInstaller$PlugInRoot'
Event: 36.365 Thread 0x000001b338d1f490 Unloading class 0x000001b35c8e37a0 'com/st/stm32cube/ide/common/services/mx/jar/core/mx/plugin/PlugInInstaller'
Event: 36.365 Thread 0x000001b338d1f490 Unloading class 0x000001b35c8e34c8 'com/st/stm32cube/ide/common/services/mx/jar/core/mx/plugin/PlugIn'
Event: 36.365 Thread 0x000001b338d1f490 Unloading class 0x000001b35c8e31f8 'com/st/stm32cube/ide/common/services/mx/jar/core/mx/plugin/PlugInAbstract'
Event: 36.365 Thread 0x000001b338d1f490 Unloading class 0x000001b35c8e3000 'com/st/stm32cube/ide/common/services/mx/jar/core/mx/plugin/PlugInInterface'

Classes redefined (0 events):
No events

Internal exceptions (20 events):
Event: 36.552 Thread 0x000001b3a17a27b0 Exception <a 'java/io/IOException'{0x00000005d3b5fa28}> (0x00000005d3b5fa28) 
thrown [s\open\src\hotspot\share\prims\jni.cpp, line 520]
Event: 36.552 Thread 0x000001b3a17a27b0 Exception <a 'java/io/IOException'{0x00000005d3b60b28}> (0x00000005d3b60b28) 
thrown [s\open\src\hotspot\share\prims\jni.cpp, line 520]
Event: 36.552 Thread 0x000001b3a17a27b0 Exception <a 'java/io/IOException'{0x00000005d3b61398}> (0x00000005d3b61398) 
thrown [s\open\src\hotspot\share\prims\jni.cpp, line 520]
Event: 36.553 Thread 0x000001b3a17a27b0 Exception <a 'java/io/IOException'{0x00000005d3b62d48}> (0x00000005d3b62d48) 
thrown [s\open\src\hotspot\share\prims\jni.cpp, line 520]
Event: 36.553 Thread 0x000001b3a17a27b0 Exception <a 'java/io/IOException'{0x00000005d3b635b8}> (0x00000005d3b635b8) 
thrown [s\open\src\hotspot\share\prims\jni.cpp, line 520]
Event: 36.783 Thread 0x000001b3a17a27b0 Exception <a 'java/lang/NullPointerException'{0x00000004f37e1c80}> (0x00000004f37e1c80) 
thrown [s\open\src\hotspot\share\interpreter\linkResolver.cpp, line 1372]
Event: 36.783 Thread 0x000001b3a17a27b0 Exception <a 'java/lang/NullPointerException'{0x00000004f37e2418}> (0x00000004f37e2418) 
thrown [s\open\src\hotspot\share\interpreter\linkResolver.cpp, line 1372]
Event: 37.017 Thread 0x000001b3a17a27b0 Exception <a 'java/io/IOException'{0x00000004f1d937b8}> (0x00000004f1d937b8) 
thrown [s\open\src\hotspot\share\prims\jni.cpp, line 520]
Event: 37.017 Thread 0x000001b3a17a27b0 Exception <a 'java/io/IOException'{0x00000004f1d94028}> (0x00000004f1d94028) 
thrown [s\open\src\hotspot\share\prims\jni.cpp, line 520]
Event: 37.319 Thread 0x000001b3a17a27b0 Exception <a 'java/io/IOException'{0x00000004f0a23c40}> (0x00000004f0a23c40) 
thrown [s\open\src\hotspot\share\prims\jni.cpp, line 520]
Event: 37.319 Thread 0x000001b3a17a27b0 Exception <a 'java/io/IOException'{0x00000004f0a244b0}> (0x00000004f0a244b0) 
thrown [s\open\src\hotspot\share\prims\jni.cpp, line 520]
Event: 37.319 Thread 0x000001b3a17a27b0 Exception <a 'java/io/IOException'{0x00000004f0a25608}> (0x00000004f0a25608) 
thrown [s\open\src\hotspot\share\prims\jni.cpp, line 520]
Event: 37.319 Thread 0x000001b3a17a27b0 Exception <a 'java/io/IOException'{0x00000004f0a25e78}> (0x00000004f0a25e78) 
thrown [s\open\src\hotspot\share\prims\jni.cpp, line 520]
Event: 37.320 Thread 0x000001b3a17a27b0 Exception <a 'java/lang/NullPointerException'{0x00000004f0a43a38}> (0x00000004f0a43a38) 
thrown [s\open\src\hotspot\share\interpreter\linkResolver.cpp, line 1372]
Event: 37.320 Thread 0x000001b3a17a27b0 Exception <a 'java/lang/NullPointerException'{0x00000004f0a612e8}> (0x00000004f0a612e8) 
thrown [s\open\src\hotspot\share\interpreter\linkResolver.cpp, line 1372]
Event: 37.320 Thread 0x000001b3a17a27b0 Exception <a 'java/lang/NullPointerException'{0x00000004f0a61a80}> (0x00000004f0a61a80) 
thrown [s\open\src\hotspot\share\interpreter\linkResolver.cpp, line 1372]
Event: 37.682 Thread 0x000001b3a17a27b0 Exception <a 'java/lang/NullPointerException'{0x00000004efe18170}> (0x00000004efe18170) 
thrown [s\open\src\hotspot\share\interpreter\linkResolver.cpp, line 1372]
Event: 37.682 Thread 0x000001b3a17a27b0 Exception <a 'java/lang/NullPointerException'{0x00000004efe18908}> (0x00000004efe18908) 
thrown [s\open\src\hotspot\share\interpreter\linkResolver.cpp, line 1372]
Event: 37.812 Thread 0x000001b3a17a27b0 Implicit null exception at 0x000001b34b52c1a6 to 0x000001b34b52c490
Event: 37.851 Thread 0x000001b3a17a27b0 Implicit null exception at 0x000001b34add16bf to 0x000001b34add1e58

ZGC Phase Switch (0 events):
No events

VM Operations (20 events):
Event: 36.526 Executing VM operation: G1CollectForAllocation (G1 Evacuation Pause)
Event: 36.530 Executing VM operation: G1CollectForAllocation (G1 Evacuation Pause) done
Event: 36.972 Executing VM operation: G1CollectForAllocation (G1 Evacuation Pause)
Event: 36.981 Executing VM operation: G1CollectForAllocation (G1 Evacuation Pause) done
Event: 37.841 Executing VM operation: ICBufferFull
Event: 37.841 Executing VM operation: ICBufferFull done
Event: 37.845 Executing VM operation: HandshakeAllThreads (Deoptimize)
Event: 37.845 Executing VM operation: HandshakeAllThreads (Deoptimize) done
Event: 37.850 Executing VM operation: HandshakeAllThreads (Deoptimize)
Event: 37.850 Executing VM operation: HandshakeAllThreads (Deoptimize) done
Event: 37.856 Executing VM operation: HandshakeAllThreads (Deoptimize)
Event: 37.856 Executing VM operation: HandshakeAllThreads (Deoptimize) done
Event: 37.901 Executing VM operation: HandshakeAllThreads (Deoptimize)
Event: 37.901 Executing VM operation: HandshakeAllThreads (Deoptimize) done
Event: 38.119 Executing VM operation: HandshakeAllThreads (Deoptimize)
Event: 38.119 Executing VM operation: HandshakeAllThreads (Deoptimize) done
Event: 38.121 Executing VM operation: HandshakeAllThreads (Deoptimize)
Event: 38.121 Executing VM operation: HandshakeAllThreads (Deoptimize) done
Event: 38.274 Executing VM operation: ICBufferFull
Event: 38.274 Executing VM operation: ICBufferFull done

Events (20 events):
Event: 36.381 Thread 0x000001b338d1f490 flushing nmethod 0x000001b34ac22390
Event: 36.381 Thread 0x000001b338d1f490 flushing nmethod 0x000001b34ac29210
Event: 36.381 Thread 0x000001b338d1f490 flushing nmethod 0x000001b34ac21390
Event: 36.381 Thread 0x000001b338d1f490 flushing nmethod 0x000001b34ac20310
Event: 36.381 Thread 0x000001b338d1f490 flushing nmethod 0x000001b34ac20010
Event: 36.432 Thread 0x000001b3a8a9c4f0 Thread exited: 0x000001b3a8a9c4f0
Event: 36.447 Thread 0x000001b3a8a9b080 Thread exited: 0x000001b3a8a9b080
Event: 36.717 Thread 0x000001b3a8a99c10 Thread exited: 0x000001b3a8a99c10
Event: 37.006 Thread 0x000001b3a8a9c4f0 Thread added: 0x000001b3a8a9c4f0
Event: 37.006 Thread 0x000001b3a8a9b080 Thread added: 0x000001b3a8a9b080
Event: 37.006 Thread 0x000001b3a8a9cbc0 Thread added: 0x000001b3a8a9cbc0
Event: 37.006 Thread 0x000001b3a8a99c10 Thread added: 0x000001b3a8a99c10
Event: 37.006 Thread 0x000001b3ab932a50 Thread added: 0x000001b3ab932a50
Event: 37.006 Thread 0x000001b3ab9337f0 Thread added: 0x000001b3ab9337f0
Event: 37.006 Thread 0x000001b3ab937c10 Thread added: 0x000001b3ab937c10
Event: 37.217 Thread 0x000001b3ab937c10 Thread exited: 0x000001b3ab937c10
Event: 37.458 Thread 0x000001b3ab9337f0 Thread exited: 0x000001b3ab9337f0
Event: 37.644 Thread 0x000001b3ab937c10 Thread added: 0x000001b3ab937c10
Event: 37.810 Thread 0x000001b3ab932a50 Thread exited: 0x000001b3ab932a50
Event: 37.905 Thread 0x000001b3aeb8ac70 Thread added: 0x000001b3aeb8ac70


Dynamic libraries:
0x00007ff7f2320000 - 0x00007ff7f2330000 	E:\X15\stm32cubemx\java\bin\javaw.exe
0x00007fff0bd70000 - 0x00007fff0bf87000 	C:\WINDOWS\SYSTEM32\ntdll.dll
0x00007fff0a970000 - 0x00007fff0aa34000 	C:\WINDOWS\System32\KERNEL32.DLL
0x00007fff09500000 - 0x00007fff098b9000 	C:\WINDOWS\System32\KERNELBASE.dll
0x00007fff093b0000 - 0x00007fff094c1000 	C:\WINDOWS\System32\ucrtbase.dll
0x00007fff05a20000 - 0x00007fff05a3b000 	E:\X15\stm32cubemx\java\bin\VCRUNTIME140.dll
0x00007ffeae540000 - 0x00007ffeae559000 	E:\X15\stm32cubemx\java\bin\jli.dll
0x00007fff0b4c0000 - 0x00007fff0b572000 	C:\WINDOWS\System32\ADVAPI32.dll
0x00007fff0b580000 - 0x00007fff0b627000 	C:\WINDOWS\System32\msvcrt.dll
0x00007fff09a90000 - 0x00007fff09b37000 	C:\WINDOWS\System32\sechost.dll
0x00007fff09380000 - 0x00007fff093a8000 	C:\WINDOWS\System32\bcrypt.dll
0x00007fff0aa40000 - 0x00007fff0ab54000 	C:\WINDOWS\System32\RPCRT4.dll
0x00007fff0a7c0000 - 0x00007fff0a96e000 	C:\WINDOWS\System32\USER32.dll
0x00007fff094d0000 - 0x00007fff094f6000 	C:\WINDOWS\System32\win32u.dll
0x00007fff0b630000 - 0x00007fff0b659000 	C:\WINDOWS\System32\GDI32.dll
0x00007fff09260000 - 0x00007fff0937b000 	C:\WINDOWS\System32\gdi32full.dll
0x00007ffef7ce0000 - 0x00007ffef7f72000 	C:\WINDOWS\WinSxS\amd64_microsoft.windows.common-controls_6595b64144ccf1df_6.0.22621.4391_none_2715d37f73803e96\COMCTL32.dll
0x00007fff09930000 - 0x00007fff099ca000 	C:\WINDOWS\System32\msvcp_win.dll
0x00007fff08a50000 - 0x00007fff08a5a000 	C:\WINDOWS\SYSTEM32\VERSION.dll
0x00007fff09f90000 - 0x00007fff09fc1000 	C:\WINDOWS\System32\IMM32.DLL
0x000000005aba0000 - 0x000000005abad000 	C:\Program Files (x86)\360\360Safe\safemon\SafeWrapper.dll
0x00007ffef5a80000 - 0x00007ffef5b83000 	C:\Program Files (x86)\360\360Safe\safemon\libzdtp64.dll
0x00007fff0abc0000 - 0x00007fff0b436000 	C:\WINDOWS\System32\SHELL32.dll
0x00007fff09f20000 - 0x00007fff09f7e000 	C:\WINDOWS\System32\SHLWAPI.dll
0x00007ffef5bc0000 - 0x00007ffef5bcc000 	E:\X15\stm32cubemx\java\bin\vcruntime140_1.dll
0x00007ffeae4b0000 - 0x00007ffeae53e000 	E:\X15\stm32cubemx\java\bin\msvcp140.dll
0x00007ffe744c0000 - 0x00007ffe751d7000 	E:\X15\stm32cubemx\java\bin\server\jvm.dll
0x00007fff09b40000 - 0x00007fff09bb1000 	C:\WINDOWS\System32\WS2_32.dll
0x00007fff08d30000 - 0x00007fff08d7d000 	C:\WINDOWS\SYSTEM32\POWRPROF.dll
0x00007fff01fb0000 - 0x00007fff01fe4000 	C:\WINDOWS\SYSTEM32\WINMM.dll
0x00007fff08c40000 - 0x00007fff08c53000 	C:\WINDOWS\SYSTEM32\UMPDC.dll
0x00007fff08000000 - 0x00007fff08018000 	C:\WINDOWS\SYSTEM32\kernel.appcore.dll
0x00007ffed3050000 - 0x00007ffed305a000 	E:\X15\stm32cubemx\java\bin\jimage.dll
0x00007fff066f0000 - 0x00007fff06922000 	C:\WINDOWS\SYSTEM32\DBGHELP.DLL
0x00007fff0b660000 - 0x00007fff0b9ef000 	C:\WINDOWS\System32\combase.dll
0x00007fff0baf0000 - 0x00007fff0bbc7000 	C:\WINDOWS\System32\OLEAUT32.dll
0x00007ffef3e80000 - 0x00007ffef3eb2000 	C:\WINDOWS\SYSTEM32\dbgcore.DLL
0x00007fff09070000 - 0x00007fff090eb000 	C:\WINDOWS\System32\bcryptPrimitives.dll
0x00007ffeae490000 - 0x00007ffeae4af000 	E:\X15\stm32cubemx\java\bin\java.dll
0x00007fff06f30000 - 0x00007fff07833000 	C:\WINDOWS\SYSTEM32\windows.storage.dll
0x00007fff06df0000 - 0x00007fff06f2f000 	C:\WINDOWS\SYSTEM32\wintypes.dll
0x00007fff0a450000 - 0x00007fff0a549000 	C:\WINDOWS\System32\SHCORE.dll
0x00007fff08fa0000 - 0x00007fff08fcb000 	C:\WINDOWS\SYSTEM32\profapi.dll
0x00007ffe96f80000 - 0x00007ffe97057000 	E:\X15\stm32cubemx\java\bin\jsvml.dll
0x00007ffed2a10000 - 0x00007ffed2a20000 	E:\X15\stm32cubemx\java\bin\net.dll
0x00007fff01bf0000 - 0x00007fff01d26000 	C:\WINDOWS\SYSTEM32\WINHTTP.dll
0x00007fff08480000 - 0x00007fff084e9000 	C:\WINDOWS\system32\mswsock.dll
0x00007ffeae470000 - 0x00007ffeae486000 	E:\X15\stm32cubemx\java\bin\nio.dll
0x00007ffeae450000 - 0x00007ffeae468000 	E:\X15\stm32cubemx\java\bin\zip.dll
0x00007ffed24f0000 - 0x00007ffed24fa000 	E:\X15\stm32cubemx\java\bin\management.dll
0x00007ffed0520000 - 0x00007ffed052b000 	E:\X15\stm32cubemx\java\bin\management_ext.dll
0x00007fff09e90000 - 0x00007fff09e98000 	C:\WINDOWS\System32\PSAPI.DLL
0x00007ffee4220000 - 0x00007ffee4237000 	C:\WINDOWS\system32\napinsp.dll
0x00007ffee4200000 - 0x00007ffee421b000 	C:\WINDOWS\system32\pnrpnsp.dll
0x00007fff07b30000 - 0x00007fff07c32000 	C:\WINDOWS\SYSTEM32\DNSAPI.dll
0x00007fff08c10000 - 0x00007fff08c3d000 	C:\WINDOWS\SYSTEM32\IPHLPAPI.DLL
0x00007fff0a7b0000 - 0x00007fff0a7b9000 	C:\WINDOWS\System32\NSI.dll
0x00007ffee41e0000 - 0x00007ffee41f1000 	C:\WINDOWS\System32\winrnr.dll
0x00007ffee41c0000 - 0x00007ffee41d5000 	C:\WINDOWS\system32\wshbth.dll
0x00007ffee4190000 - 0x00007ffee41b7000 	C:\WINDOWS\system32\nlansp_c.dll
0x0000000063560000 - 0x0000000063569000 	C:\Program Files\National Instruments\Shared\mDNS Responder\nimdnsNSP.dll
0x0000000063550000 - 0x000000006355e000 	C:\WINDOWS\SYSTEM32\nimdnsResponder.dll
0x000000005a530000 - 0x000000005a5d3000 	C:\WINDOWS\WinSxS\amd64_microsoft.vc90.crt_1fc8b3b9a1e18e3b_9.0.30729.9635_none_08e2c157a83ed5da\MSVCR90.dll
0x00007fff01d30000 - 0x00007fff01d3a000 	C:\Windows\System32\rasadhlp.dll
0x00007ffeffce0000 - 0x00007ffeffd63000 	C:\WINDOWS\System32\fwpuclnt.dll
0x00007ffe96df0000 - 0x00007ffe96f7f000 	E:\X15\stm32cubemx\java\bin\awt.dll
0x00007fff05b70000 - 0x00007fff05c07000 	C:\WINDOWS\SYSTEM32\apphelp.dll
0x00007fff086d0000 - 0x00007fff086eb000 	C:\WINDOWS\SYSTEM32\CRYPTSP.dll
0x00007fff07f60000 - 0x00007fff07f95000 	C:\WINDOWS\system32\rsaenh.dll
0x00007fff08570000 - 0x00007fff08598000 	C:\WINDOWS\SYSTEM32\USERENV.dll
0x00007fff086f0000 - 0x00007fff086fc000 	C:\WINDOWS\SYSTEM32\CRYPTBASE.dll
0x00007fff06060000 - 0x00007fff06111000 	C:\WINDOWS\system32\uxtheme.dll
0x00007fff0bbd0000 - 0x00007fff0bd30000 	C:\WINDOWS\System32\MSCTF.dll
0x00007fff0a5e0000 - 0x00007fff0a785000 	C:\WINDOWS\System32\ole32.dll
0x00007fff062d0000 - 0x00007fff062fb000 	C:\WINDOWS\system32\DWMAPI.DLL
0x00007ffe96330000 - 0x00007ffe96430000 	C:\WINDOWS\system32\opengl32.dll
0x00007ffe99370000 - 0x00007ffe9939d000 	C:\WINDOWS\SYSTEM32\GLU32.dll
0x00007fff06180000 - 0x00007fff061b7000 	C:\WINDOWS\SYSTEM32\dxcore.dll
0x00007ffead910000 - 0x00007ffeadab8000 	C:\WINDOWS\system32\d3d9.dll
0x00007ffefbec0000 - 0x00007ffefbf7c000 	C:\WINDOWS\System32\DriverStore\FileRepository\nvcvig.inf_amd64_2d5c3717cdbe5a9e\nvldumdx.dll
0x00007fff08c60000 - 0x00007fff08c72000 	C:\WINDOWS\SYSTEM32\msasn1.dll
0x00007ffeffca0000 - 0x00007ffeffcd2000 	C:\WINDOWS\SYSTEM32\cryptnet.dll
0x00007fff090f0000 - 0x00007fff09256000 	C:\WINDOWS\System32\CRYPT32.dll
0x00007ffeffb30000 - 0x00007ffeffc92000 	C:\WINDOWS\SYSTEM32\drvstore.dll
0x00007fff08c80000 - 0x00007fff08cac000 	C:\WINDOWS\SYSTEM32\devobj.dll
0x00007fff08cb0000 - 0x00007fff08cfe000 	C:\WINDOWS\SYSTEM32\cfgmgr32.dll
0x00007fff08780000 - 0x00007fff087c9000 	C:\WINDOWS\SYSTEM32\wldp.dll
0x00007fff098c0000 - 0x00007fff0992c000 	C:\WINDOWS\System32\wintrust.dll
0x00007fff0b4a0000 - 0x00007fff0b4bf000 	C:\WINDOWS\System32\imagehlp.dll
0x00007ffef9860000 - 0x00007ffefba4e000 	C:\WINDOWS\System32\DriverStore\FileRepository\nvcvig.inf_amd64_2d5c3717cdbe5a9e\nvgpucomp64.dll
0x00007ffe6f280000 - 0x00007ffe71c45000 	C:\WINDOWS\System32\DriverStore\FileRepository\nvcvig.inf_amd64_2d5c3717cdbe5a9e\nvd3dumx.dll
0x00007fff01840000 - 0x00007fff01889000 	C:\WINDOWS\SYSTEM32\directxdatabasehelper.dll
0x00007ffecd530000 - 0x00007ffecd800000 	C:\WINDOWS\system32\nvspcap64.dll
0x00007fff08110000 - 0x00007fff08144000 	C:\WINDOWS\SYSTEM32\ntmarta.dll
0x00007fff08510000 - 0x00007fff08536000 	C:\WINDOWS\SYSTEM32\gpapi.dll
0x00007ffe99220000 - 0x00007ffe992a7000 	E:\X15\stm32cubemx\java\bin\freetype.dll
0x00007ffe96240000 - 0x00007ffe96322000 	E:\X15\stm32cubemx\java\bin\fontmanager.dll
0x00007ffed0240000 - 0x00007ffed0250000 	E:\X15\stm32cubemx\java\bin\verify.dll
0x00007ffecef30000 - 0x00007ffecef39000 	E:\X15\stm32cubemx\java\bin\prefs.dll
0x00007ffece9a0000 - 0x00007ffece9ae000 	E:\X15\stm32cubemx\java\bin\sunmscapi.dll
0x00007fff088e0000 - 0x00007fff0890d000 	C:\WINDOWS\SYSTEM32\ncrypt.dll
0x00007fff088a0000 - 0x00007fff088d7000 	C:\WINDOWS\SYSTEM32\NTASN1.dll
0x00007ffec9030000 - 0x00007ffec9039000 	E:\X15\stm32cubemx\java\bin\extnet.dll
0x00007ffe99340000 - 0x00007ffe9936e000 	E:\X15\stm32cubemx\java\bin\javajpeg.dll
0x00007ffe96db0000 - 0x00007ffe96df0000 	E:\X15\stm32cubemx\java\bin\lcms.dll
0x00007fff09c10000 - 0x00007fff09cc0000 	C:\WINDOWS\System32\clbcatq.dll
0x00007fff05e80000 - 0x00007fff06030000 	C:\WINDOWS\SYSTEM32\WindowsCodecs.dll
0x00007ffed7b20000 - 0x00007ffed7b7e000 	C:\WINDOWS\system32\dataexchange.dll
0x00007ffefbad0000 - 0x00007ffefbd74000 	C:\WINDOWS\system32\twinapi.appcore.dll
0x00007ffefdf40000 - 0x00007ffefe085000 	C:\WINDOWS\SYSTEM32\textinputframework.dll
0x00007ffedaa20000 - 0x00007ffedaa6b000 	C:\WINDOWS\system32\ApplicationTargetedFeatureDatabase.dll
0x00007fff05770000 - 0x00007fff058a3000 	C:\WINDOWS\SYSTEM32\CoreMessaging.dll
0x00007fff01410000 - 0x00007fff0177d000 	C:\WINDOWS\SYSTEM32\CoreUIComponents.dll
0x0000000067740000 - 0x0000000067818000 	C:\Users\X15\AppData\Local\Temp\sqlite-3.34.0-08b4cb2f-af75-42aa-80da-e3e313fd5b45-sqlitejdbc.dll

dbghelp: loaded successfully - version: 4.0.5 - missing functions: none
symbol engine: initialized successfully - sym options: 0x614 - pdb path: .;E:\X15\stm32cubemx\java\bin;C:\WINDOWS\SYSTEM32;C:\WINDOWS\WinSxS\amd64_microsoft.windows.common-controls_6595b64144ccf1df_6.0.22621.4391_none_2715d37f73803e96;C:\Program Files (x86)\360\360Safe\safemon;E:\X15\stm32cubemx\java\bin\server;C:\Program Files\National Instruments\Shared\mDNS Responder;C:\WINDOWS\WinSxS\amd64_microsoft.vc90.crt_1fc8b3b9a1e18e3b_9.0.30729.9635_none_08e2c157a83ed5da;C:\WINDOWS\System32\DriverStore\FileRepository\nvcvig.inf_amd64_2d5c3717cdbe5a9e;C:\Users\X15\AppData\Local\Temp

VM Arguments:
jvm_args: -Djavax.net.ssl.trustStoreType=WINDOWS-ROOT 
java_command: com.st.microxplorer.maingui.STM32CubeMX E:\X15\stm32\my_example\standard_tpye_c\standard_tpye_c.ioc
java_class_path (initial): E:\X15\stm32cubemx\STM32CubeMX_V6.10.0\stm32cubemx\STM32CubeMX.exe;anything
Launcher Type: SUN_STANDARD

[Global flags]
     intx CICompilerCount                          = 12                                        {product} {ergonomic}
     uint ConcGCThreads                            = 3                                         {product} {ergonomic}
     uint G1ConcRefinementThreads                  = 13                                        {product} {ergonomic}
   size_t G1HeapRegionSize                         = 2097152                                   {product} {ergonomic}
    uintx GCDrainStackTargetSize                   = 64                                        {product} {ergonomic}
   size_t InitialHeapSize                          = 264241152                                 {product} {ergonomic}
   size_t MarkStackSize                            = 4194304                                   {product} {ergonomic}
   size_t MaxHeapSize                              = 4219469824                                {product} {ergonomic}
   size_t MaxNewSize                               = 2531262464                                {product} {ergonomic}
   size_t MinHeapDeltaBytes                        = 2097152                                   {product} {ergonomic}
   size_t MinHeapSize                              = 8388608                                   {product} {ergonomic}
    uintx NonNMethodCodeHeapSize                   = 7602480                                {pd product} {ergonomic}
    uintx NonProfiledCodeHeapSize                  = 122027880                              {pd product} {ergonomic}
    uintx ProfiledCodeHeapSize                     = 122027880                              {pd product} {ergonomic}
    uintx ReservedCodeCacheSize                    = 251658240                              {pd product} {ergonomic}
     bool SegmentedCodeCache                       = true                                      {product} {ergonomic}
   size_t SoftMaxHeapSize                          = 4219469824                             {manageable} {ergonomic}
     bool UseCompressedOops                        = true                           {product lp64_product} {ergonomic}
     bool UseG1GC                                  = true                                      {product} {ergonomic}
     bool UseLargePagesIndividualAllocation        = false                                  {pd product} {ergonomic}

Logging:
Log output configuration:
 #0: stdout all=warning uptime,level,tags foldmultilines=false
 #1: stderr all=off uptime,level,tags foldmultilines=false

Environment Variables:
PATH=E:\X15\stm32cubemx\STM32CubeMX_V6.10.0\stm32cubemx\;C:\Program Files\MySQL\mysql\bin;F:\bin\;C:\Program Files\NVIDIA GPU Computing Toolkit\CUDA\v12.3\bin;C:\Program Files\NVIDIA GPU Computing Toolkit\CUDA\v12.3\libnvvp;C:\Program Files\Common Files\Oracle\Java\javapath;C:\Program Files (x86)\Common Files\Oracle\Java\java8path;C:\Program Files (x86)\Common Files\Oracle\Java\javapath;C:\WINDOWS\system32;C:\WINDOWS;C:\WINDOWS\System32\Wbem;C:\WINDOWS\System32\WindowsPowerShell\v1.0\;C:\WINDOWS\System32\OpenSSH\;C:\Users\Administrator\AppData\Local\Microsoft\WindowsApps;C:\Recovery\OEM\Backup\;C:\WINDOWS\system32;C:\WINDOWS;C:\WINDOWS\System32\Wbem;C:\WINDOWS\System32\WindowsPowerShell\v1.0\;C:\WINDOWS\System32\OpenSSH\;C:\Program Files\Microsoft SQL Server\150\Tools\Binn\;C:\Users\X15\bin;C:\Program Files\Bandizip\;F:\X15\bin;C:\Program Files\Microsoft SQL Server\Client SDK\ODBC\170\Tools\Binn\;C:\Program Files\dotnet\;E:\X15\Arduino;E:\X15\mingw\x86_64-8.1.0-release-win32-sjlj-rt_v6-rev0\mingw64\bin;E:\X15\ESP_IDF\Espressif\tools\idf-python\3.11.2;D:\X15\Espressif\tools\tools\xtensa-esp-elf\esp-13.2.0_20240530\xtensa-esp-elf\bin;C:\Users\X15\AppData\Local\Microsoft\WindowsApps;D:\X15\PyCharm 2023.2.5\bin;C:\Users\X15\.dotnet\tools;D:\IntelliJ IDEA 2024.1.1\bin;E:\vs\Microsoft VS Code\bin;D:\CLion 2024.1.4\bin;E:\X15\ESP-IDF\Espressif\tools\esp-clang\16.0.1-fe4f10a809\esp-clang\bin\;C:\ProgramData\Microsoft\Windows\Start Menu\Programs\Python 3.9;C:\Users\X15\AppData\Roaming\Microsoft\Windows\Start Menu\Programs\Python 3.10;D:\X15\Espressif\tools;E:\X15\stm32cubemx\java\bin
USERNAME=X15
OS=Windows_NT
PROCESSOR_IDENTIFIER=Intel64 Family 6 Model 154 Stepping 3, GenuineIntel
TMP=C:\Users\X15\AppData\Local\Temp
TEMP=C:\Users\X15\AppData\Local\Temp




Periodic native trim disabled

---------------  S Y S T E M  ---------------

OS:
 Windows 11 , 64 bit Build 22621 (10.0.22621.4391)
OS uptime: 5 days 20:06 hours

CPU: total 16 (initial active 16) (8 cores per cpu, 2 threads per core) family 6 model 154 stepping 3 microcode 0x41e, cx8, cmov, fxsr, ht, mmx, 3dnowpref, sse, sse2, sse3, ssse3, sse4.1, sse4.2, popcnt, lzcnt, tsc, tscinvbit, avx, avx2, aes, erms, clmul, bmi1, bmi2, adx, sha, fma, vzeroupper, clflush, clflushopt, clwb, serialize, rdtscp, rdpid, fsrm, f16c, pku, cet_ibt, cet_ss
Processor Information for processor 0
  Max Mhz: 2500, Current Mhz: 2500, Mhz Limit: 2500
Processor Information for processor 1
  Max Mhz: 2500, Current Mhz: 2500, Mhz Limit: 2500
Processor Information for processor 2
  Max Mhz: 2500, Current Mhz: 2500, Mhz Limit: 2500
Processor Information for processor 3
  Max Mhz: 2500, Current Mhz: 2500, Mhz Limit: 2500
Processor Information for processor 4
  Max Mhz: 2500, Current Mhz: 2500, Mhz Limit: 2500
Processor Information for processor 5
  Max Mhz: 2500, Current Mhz: 2500, Mhz Limit: 2500
Processor Information for processor 6
  Max Mhz: 2500, Current Mhz: 2500, Mhz Limit: 2500
Processor Information for processor 7
  Max Mhz: 2500, Current Mhz: 2500, Mhz Limit: 2500
Processor Information for processor 8
  Max Mhz: 2500, Current Mhz: 1800, Mhz Limit: 1800
Processor Information for processor 9
  Max Mhz: 2500, Current Mhz: 1800, Mhz Limit: 1800
Processor Information for processor 10
  Max Mhz: 2500, Current Mhz: 1800, Mhz Limit: 1800
Processor Information for processor 11
  Max Mhz: 2500, Current Mhz: 1800, Mhz Limit: 1800
Processor Information for processor 12
  Max Mhz: 2500, Current Mhz: 1800, Mhz Limit: 1800
Processor Information for processor 13
  Max Mhz: 2500, Current Mhz: 1500, Mhz Limit: 1800
Processor Information for processor 14
  Max Mhz: 2500, Current Mhz: 1800, Mhz Limit: 1800
Processor Information for processor 15
  Max Mhz: 2500, Current Mhz: 1800, Mhz Limit: 1800

Memory: 4k page, system-wide physical 16088M (2860M free)
TotalPageFile size 31449M (AvailPageFile size 4M)
current process WorkingSet (physical memory assigned to process): 1337M, peak: 1337M
current process commit charge ("private bytes"): 1502M, peak: 1502M

vm_info: Java HotSpot(TM) 64-Bit Server VM (21.0.2+13-LTS-58) for windows-amd64 JRE (21.0.2+13-LTS-58), built on 2024-01-05T18:32:24Z by "mach5one" with MS VC++ 17.1 (VS2022)

END.
